2020-08-11 10:41:53,243 INFO [main] - ---currentTime:2020-08-11 10:41:53.222--,java.lang.StackTraceElement.tickerPrice(AexQuerier.java:71):AEX 获取到交易对[NVT-USDT]价格:0.1806
2020-08-11 10:42:03,255 ERROR [main] - ---currentTime:2020-08-11 10:42:03.255--,java.lang.StackTraceElement.tickerPrice(BinanceQuerier.java:79):Binance, 调用接口 https://api.binance.com/api/v3/ticker/price?symbol=NVTUSDT, anchorToken:NVT-USDT 超时
2020-08-11 10:42:33,261 ERROR [main] - ---currentTime:2020-08-11 10:42:33.260--,java.lang.StackTraceElement.tickerPrice(BitzQuerier.java:76):BitZ, 调用接口 https://api.bitzspeed.com//Market/ticker?symbol=nvt_usdt, anchorToken:NVT-USDT 超时
2020-08-11 10:42:33,862 ERROR [main] - ---currentTime:2020-08-11 10:42:33.862--,java.lang.StackTraceElement.tickerPrice(DexQuerier.java:89):Dex, 调用接口 http://api.nervedex.com/coin/trading/price/NVT-USDT, anchorToken:NVT-USDT 获取价格失败
2020-08-11 10:42:43,867 ERROR [main] - ---currentTime:2020-08-11 10:42:43.866--,java.lang.StackTraceElement.tickerPrice(HuobiQuerier.java:78):Huobi, 调用接口 https://api-aws.huobi.pro/market/detail/merged?symbol=nvtusdt, anchorToken:NVT-USDT 超时
2020-08-11 10:42:53,871 ERROR [main] - ---currentTime:2020-08-11 10:42:53.871--,java.lang.StackTraceElement.tickerPrice(MxcQuerier.java:73):MXC, 调用接口 https://www.mxc.io/open/api/v1/data/ticker?market=NVT_USDT, anchorToken:NVT-USDT 超时
2020-08-11 10:43:23,877 ERROR [main] - ---currentTime:2020-08-11 10:43:23.877--,java.lang.StackTraceElement.tickerPrice(OkexQuerier.java:73):Okex, 调用接口 https://aws.okex.com/api/spot/v3/instruments/NVT-USDT/ticker, anchorToken:NVT-USDT 超时
2020-08-11 10:49:29,186 ERROR [nvt] - ---currentTime:2020-08-11 10:49:29.181--,java.lang.StackTraceElement.tickerPrice(DexQuerier.java:89):Dex, 调用接口 http://api.nervedex.com/coin/trading/price/NVT-USDT, anchorToken:NVT-USDT 获取价格失败
2020-08-11 10:49:29,801 INFO [aex] - ---currentTime:2020-08-11 10:49:29.788--,java.lang.StackTraceElement.tickerPrice(AexQuerier.java:71):AEX 获取到交易对[NVT-USDT]价格:0.1813
2020-08-11 10:49:31,332 ERROR [huobi] - ---currentTime:2020-08-11 10:49:31.332--,java.lang.StackTraceElement.tickerPrice(HuobiQuerier.java:81):Huobi, 调用接口 https://api-aws.huobi.pro/market/detail/merged?symbol=nvtusdt, anchorToken:NVT-USDT 获取价格失败
2020-08-11 10:49:31,858 INFO [bitz] - ---currentTime:2020-08-11 10:49:31.858--,java.lang.StackTraceElement.tickerPrice(BitzQuerier.java:73):BitZ 获取到交易对[NVT_USDT]价格:0.1721
2020-08-11 10:49:39,134 ERROR [main] - ---currentTime:2020-08-11 10:49:39.133--,java.lang.StackTraceElement.tickerPrice(BinanceQuerier.java:79):Binance, 调用接口 https://api.binance.com/api/v3/ticker/price?symbol=NVTUSDT, anchorToken:NVT-USDT 超时
2020-08-11 10:49:39,134 ERROR [ok] - ---currentTime:2020-08-11 10:49:39.134--,java.lang.StackTraceElement.tickerPrice(OkexQuerier.java:73):Okex, 调用接口 https://aws.okex.com/api/spot/v3/instruments/NVT-USDT/ticker, anchorToken:NVT-USDT 超时
2020-08-11 10:49:44,202 ERROR [mx] - ---currentTime:2020-08-11 10:49:44.202--,java.lang.StackTraceElement.tickerPrice(MxcQuerier.java:73):MXC, 调用接口 https://www.mxc.io/open/api/v1/data/ticker?market=NVT_USDT, anchorToken:NVT-USDT 超时
2020-08-11 10:53:04,967 ERROR [nvt] - ---currentTime:2020-08-11 10:53:04.961--,java.lang.StackTraceElement.tickerPrice(DexQuerier.java:89):Dex, 调用接口 http://api.nervedex.com/coin/trading/price/BTC-USDT, anchorToken:BTC-USDT 获取价格失败
2020-08-11 10:53:05,598 INFO [aex] - ---currentTime:2020-08-11 10:53:05.588--,java.lang.StackTraceElement.tickerPrice(AexQuerier.java:71):AEX 获取到交易对[BTC-USDT]价格:11878.55
2020-08-11 10:53:09,509 INFO [bitz] - ---currentTime:2020-08-11 10:53:09.509--,java.lang.StackTraceElement.tickerPrice(BitzQuerier.java:73):BitZ 获取到交易对[BTC_USDT]价格:11856.66
2020-08-11 10:53:14,908 ERROR [mx] - ---currentTime:2020-08-11 10:53:14.907--,java.lang.StackTraceElement.tickerPrice(MxcQuerier.java:73):MXC, 调用接口 https://www.mxc.io/open/api/v1/data/ticker?market=BTC_USDT, anchorToken:BTC-USDT 超时
2020-08-11 10:53:14,909 ERROR [huobi] - ---currentTime:2020-08-11 10:53:14.908--,java.lang.StackTraceElement.tickerPrice(HuobiQuerier.java:78):Huobi, 调用接口 https://api-aws.huobi.pro/market/detail/merged?symbol=btcusdt, anchorToken:BTC-USDT 超时
2020-08-11 10:53:14,909 ERROR [ok] - ---currentTime:2020-08-11 10:53:14.909--,java.lang.StackTraceElement.tickerPrice(OkexQuerier.java:73):Okex, 调用接口 https://aws.okex.com/api/spot/v3/instruments/BTC-USDT/ticker, anchorToken:BTC-USDT 超时
2020-08-11 10:53:14,910 ERROR [main] - ---currentTime:2020-08-11 10:53:14.910--,java.lang.StackTraceElement.tickerPrice(BinanceQuerier.java:79):Binance, 调用接口 https://api.binance.com/api/v3/ticker/price?symbol=BTCUSDT, anchorToken:BTC-USDT 超时
2020-08-11 10:53:14,923 ERROR [nvt] - ---currentTime:2020-08-11 10:53:14.923--,java.lang.StackTraceElement.tickerPrice(DexQuerier.java:89):Dex, 调用接口 http://api.nervedex.com/coin/trading/price/BTC-USDT, anchorToken:BTC-USDT 获取价格失败
2020-08-11 10:53:15,035 INFO [aex] - ---currentTime:2020-08-11 10:53:15.034--,java.lang.StackTraceElement.tickerPrice(AexQuerier.java:71):AEX 获取到交易对[BTC-USDT]价格:11878.55
2020-08-11 10:53:16,121 INFO [bitz] - ---currentTime:2020-08-11 10:53:16.121--,java.lang.StackTraceElement.tickerPrice(BitzQuerier.java:73):BitZ 获取到交易对[BTC_USDT]价格:11855.02
2020-08-11 10:53:24,920 ERROR [main] - ---currentTime:2020-08-11 10:53:24.919--,java.lang.StackTraceElement.tickerPrice(BinanceQuerier.java:79):Binance, 调用接口 https://api.binance.com/api/v3/ticker/price?symbol=BTCUSDT, anchorToken:BTC-USDT 超时
2020-08-11 10:53:24,921 ERROR [huobi] - ---currentTime:2020-08-11 10:53:24.920--,java.lang.StackTraceElement.tickerPrice(HuobiQuerier.java:78):Huobi, 调用接口 https://api-aws.huobi.pro/market/detail/merged?symbol=btcusdt, anchorToken:BTC-USDT 超时
2020-08-11 10:53:24,921 ERROR [mx] - ---currentTime:2020-08-11 10:53:24.921--,java.lang.StackTraceElement.tickerPrice(MxcQuerier.java:73):MXC, 调用接口 https://www.mxc.io/open/api/v1/data/ticker?market=BTC_USDT, anchorToken:BTC-USDT 超时
2020-08-11 10:53:24,924 ERROR [ok] - ---currentTime:2020-08-11 10:53:24.923--,java.lang.StackTraceElement.tickerPrice(OkexQuerier.java:73):Okex, 调用接口 https://aws.okex.com/api/spot/v3/instruments/BTC-USDT/ticker, anchorToken:BTC-USDT 超时
2020-08-11 10:53:24,934 ERROR [nvt] - ---currentTime:2020-08-11 10:53:24.934--,java.lang.StackTraceElement.tickerPrice(DexQuerier.java:89):Dex, 调用接口 http://api.nervedex.com/coin/trading/price/BTC-USDT, anchorToken:BTC-USDT 获取价格失败
2020-08-11 10:53:25,132 INFO [aex] - ---currentTime:2020-08-11 10:53:25.132--,java.lang.StackTraceElement.tickerPrice(AexQuerier.java:71):AEX 获取到交易对[BTC-USDT]价格:11878.55
2020-08-11 10:53:26,526 INFO [bitz] - ---currentTime:2020-08-11 10:53:26.526--,java.lang.StackTraceElement.tickerPrice(BitzQuerier.java:73):BitZ 获取到交易对[BTC_USDT]价格:11852.51
2020-08-11 10:53:34,929 ERROR [huobi] - ---currentTime:2020-08-11 10:53:34.928--,java.lang.StackTraceElement.tickerPrice(HuobiQuerier.java:78):Huobi, 调用接口 https://api-aws.huobi.pro/market/detail/merged?symbol=btcusdt, anchorToken:BTC-USDT 超时
2020-08-11 10:53:34,929 ERROR [mx] - ---currentTime:2020-08-11 10:53:34.929--,java.lang.StackTraceElement.tickerPrice(MxcQuerier.java:73):MXC, 调用接口 https://www.mxc.io/open/api/v1/data/ticker?market=BTC_USDT, anchorToken:BTC-USDT 超时
2020-08-11 10:53:34,929 ERROR [main] - ---currentTime:2020-08-11 10:53:34.929--,java.lang.StackTraceElement.tickerPrice(BinanceQuerier.java:79):Binance, 调用接口 https://api.binance.com/api/v3/ticker/price?symbol=BTCUSDT, anchorToken:BTC-USDT 超时
2020-08-11 10:53:34,930 ERROR [ok] - ---currentTime:2020-08-11 10:53:34.930--,java.lang.StackTraceElement.tickerPrice(OkexQuerier.java:73):Okex, 调用接口 https://aws.okex.com/api/spot/v3/instruments/BTC-USDT/ticker, anchorToken:BTC-USDT 超时
2020-08-11 10:55:05,853 ERROR [nvt] - ---currentTime:2020-08-11 10:55:05.848--,java.lang.StackTraceElement.tickerPrice(DexQuerier.java:89):Dex, 调用接口 http://api.nervedex.com/coin/trading/price/BTC-USDT, anchorToken:BTC-USDT 获取价格失败
2020-08-11 10:55:05,853 ERROR [nvt] - ---currentTime:2020-08-11 10:55:05.848--,java.lang.StackTraceElement.tickerPrice(DexQuerier.java:89):Dex, 调用接口 http://api.nervedex.com/coin/trading/price/BTC-USDT, anchorToken:BTC-USDT 获取价格失败
2020-08-11 10:55:05,853 ERROR [nvt] - ---currentTime:2020-08-11 10:55:05.848--,java.lang.StackTraceElement.tickerPrice(DexQuerier.java:89):Dex, 调用接口 http://api.nervedex.com/coin/trading/price/BTC-USDT, anchorToken:BTC-USDT 获取价格失败
2020-08-11 10:55:07,453 INFO [bitz] - ---currentTime:2020-08-11 10:55:07.453--,java.lang.StackTraceElement.tickerPrice(BitzQuerier.java:73):BitZ 获取到交易对[BTC_USDT]价格:11857.52
2020-08-11 10:55:07,766 INFO [bitz] - ---currentTime:2020-08-11 10:55:07.765--,java.lang.StackTraceElement.tickerPrice(BitzQuerier.java:73):BitZ 获取到交易对[BTC_USDT]价格:11857.52
2020-08-11 10:55:08,431 INFO [bitz] - ---currentTime:2020-08-11 10:55:08.431--,java.lang.StackTraceElement.tickerPrice(BitzQuerier.java:73):BitZ 获取到交易对[BTC_USDT]价格:11857.43
2020-08-11 10:55:11,213 INFO [aex] - ---currentTime:2020-08-11 10:55:11.202--,java.lang.StackTraceElement.tickerPrice(AexQuerier.java:71):AEX 获取到交易对[BTC-USDT]价格:11869.75
2020-08-11 10:55:11,213 INFO [aex] - ---currentTime:2020-08-11 10:55:11.207--,java.lang.StackTraceElement.tickerPrice(AexQuerier.java:71):AEX 获取到交易对[BTC-USDT]价格:11869.75
2020-08-11 10:55:11,213 INFO [aex] - ---currentTime:2020-08-11 10:55:11.198--,java.lang.StackTraceElement.tickerPrice(AexQuerier.java:71):AEX 获取到交易对[BTC-USDT]价格:11869.75
2020-08-11 10:55:15,792 ERROR [mx] - ---currentTime:2020-08-11 10:55:15.792--,java.lang.StackTraceElement.tickerPrice(MxcQuerier.java:73):MXC, 调用接口 https://www.mxc.io/open/api/v1/data/ticker?market=BTC_USDT, anchorToken:BTC-USDT 超时
2020-08-11 10:55:15,792 ERROR [huobi] - ---currentTime:2020-08-11 10:55:15.791--,java.lang.StackTraceElement.tickerPrice(HuobiQuerier.java:78):Huobi, 调用接口 https://api-aws.huobi.pro/market/detail/merged?symbol=btcusdt, anchorToken:BTC-USDT 超时
2020-08-11 10:55:15,793 ERROR [ok] - ---currentTime:2020-08-11 10:55:15.793--,java.lang.StackTraceElement.tickerPrice(OkexQuerier.java:73):Okex, 调用接口 https://aws.okex.com/api/spot/v3/instruments/BTC-USDT/ticker, anchorToken:BTC-USDT 超时
2020-08-11 10:55:15,794 ERROR [ok] - ---currentTime:2020-08-11 10:55:15.793--,java.lang.StackTraceElement.tickerPrice(BinanceQuerier.java:79):Binance, 调用接口 https://api.binance.com/api/v3/ticker/price?symbol=BTCUSDT, anchorToken:BTC-USDT 超时
2020-08-11 10:55:15,794 ERROR [mx] - ---currentTime:2020-08-11 10:55:15.794--,java.lang.StackTraceElement.tickerPrice(MxcQuerier.java:73):MXC, 调用接口 https://www.mxc.io/open/api/v1/data/ticker?market=BTC_USDT, anchorToken:BTC-USDT 超时
2020-08-11 10:55:15,795 ERROR [mx] - ---currentTime:2020-08-11 10:55:15.795--,java.lang.StackTraceElement.tickerPrice(MxcQuerier.java:73):MXC, 调用接口 https://www.mxc.io/open/api/v1/data/ticker?market=BTC_USDT, anchorToken:BTC-USDT 超时
2020-08-11 10:55:15,795 ERROR [huobi] - ---currentTime:2020-08-11 10:55:15.795--,java.lang.StackTraceElement.tickerPrice(HuobiQuerier.java:78):Huobi, 调用接口 https://api-aws.huobi.pro/market/detail/merged?symbol=btcusdt, anchorToken:BTC-USDT 超时
2020-08-11 10:55:15,796 ERROR [ok] - ---currentTime:2020-08-11 10:55:15.796--,java.lang.StackTraceElement.tickerPrice(BinanceQuerier.java:79):Binance, 调用接口 https://api.binance.com/api/v3/ticker/price?symbol=BTCUSDT, anchorToken:BTC-USDT 超时
2020-08-11 10:55:15,796 ERROR [ok] - ---currentTime:2020-08-11 10:55:15.796--,java.lang.StackTraceElement.tickerPrice(OkexQuerier.java:73):Okex, 调用接口 https://aws.okex.com/api/spot/v3/instruments/BTC-USDT/ticker, anchorToken:BTC-USDT 超时
2020-08-11 10:55:15,797 ERROR [ok] - ---currentTime:2020-08-11 10:55:15.797--,java.lang.StackTraceElement.tickerPrice(OkexQuerier.java:73):Okex, 调用接口 https://aws.okex.com/api/spot/v3/instruments/BTC-USDT/ticker, anchorToken:BTC-USDT 超时
2020-08-11 10:55:15,797 ERROR [huobi] - ---currentTime:2020-08-11 10:55:15.797--,java.lang.StackTraceElement.tickerPrice(HuobiQuerier.java:78):Huobi, 调用接口 https://api-aws.huobi.pro/market/detail/merged?symbol=btcusdt, anchorToken:BTC-USDT 超时
2020-08-11 10:55:15,798 ERROR [ok] - ---currentTime:2020-08-11 10:55:15.797--,java.lang.StackTraceElement.tickerPrice(BinanceQuerier.java:79):Binance, 调用接口 https://api.binance.com/api/v3/ticker/price?symbol=BTCUSDT, anchorToken:BTC-USDT 超时
2020-08-11 11:54:06,472 ERROR [ok] - ---currentTime:2020-08-11 11:54:06.466--,java.lang.StackTraceElement.tickerPrice(BinanceQuerier.java:88):Binance, 调用接口 https://api.binance.com/api/v3/ticker/price?symbol=BTCUSDT, anchorToken:BTC-USDT 获取价格失败
2020-08-11 11:54:06,472 ERROR [ok] - ---currentTime:2020-08-11 11:54:06.466--,java.lang.StackTraceElement.tickerPrice(BinanceQuerier.java:88):Binance, 调用接口 https://api.binance.com/api/v3/ticker/price?symbol=BTCUSDT, anchorToken:BTC-USDT 获取价格失败
2020-08-11 11:54:06,472 ERROR [ok] - ---currentTime:2020-08-11 11:54:06.466--,java.lang.StackTraceElement.tickerPrice(BinanceQuerier.java:88):Binance, 调用接口 https://api.binance.com/api/v3/ticker/price?symbol=BTCUSDT, anchorToken:BTC-USDT 获取价格失败
2020-08-11 11:54:07,081 INFO [aex] - ---currentTime:2020-08-11 11:54:07.067--,java.lang.StackTraceElement.tickerPrice(AexQuerier.java:77):AEX 获取到交易对[BTC-USDT]价格:11821.19
2020-08-11 11:54:07,081 INFO [aex] - ---currentTime:2020-08-11 11:54:07.067--,java.lang.StackTraceElement.tickerPrice(AexQuerier.java:77):AEX 获取到交易对[BTC-USDT]价格:11821.19
2020-08-11 11:54:07,081 INFO [aex] - ---currentTime:2020-08-11 11:54:07.067--,java.lang.StackTraceElement.tickerPrice(AexQuerier.java:77):AEX 获取到交易对[BTC-USDT]价格:11821.19
2020-08-11 11:54:10,928 INFO [bitz] - ---currentTime:2020-08-11 11:54:10.928--,java.lang.StackTraceElement.tickerPrice(BitzQuerier.java:79):BitZ 获取到交易对[BTC_USDT]价格:11814.29
2020-08-11 11:54:11,012 ERROR [bitz] - ---currentTime:2020-08-11 11:54:11.012--,java.lang.StackTraceElement.tickerPrice(BitzQuerier.java:85):BitZ, 调用接口 https://api.bitzspeed.com//Market/ticker?symbol=btc_usdt, anchorToken:BTC-USDT 获取价格失败
2020-08-11 11:54:11,365 ERROR [bitz] - ---currentTime:2020-08-11 11:54:11.364--,java.lang.StackTraceElement.tickerPrice(BitzQuerier.java:85):BitZ, 调用接口 https://api.bitzspeed.com//Market/ticker?symbol=btc_usdt, anchorToken:BTC-USDT 获取价格失败
2020-08-11 11:54:11,415 ERROR [mx] - ---currentTime:2020-08-11 11:54:11.415--,java.lang.StackTraceElement.tickerPrice(MxcQuerier.java:79):MXC, 调用接口 https://www.mxc.io/open/api/v1/data/ticker?market=BTC_USDT, anchorToken:BTC-USDT 超时
2020-08-11 11:54:11,415 ERROR [mx] - ---currentTime:2020-08-11 11:54:11.415--,java.lang.StackTraceElement.tickerPrice(MxcQuerier.java:79):MXC, 调用接口 https://www.mxc.io/open/api/v1/data/ticker?market=BTC_USDT, anchorToken:BTC-USDT 超时
2020-08-11 11:54:11,415 ERROR [mx] - ---currentTime:2020-08-11 11:54:11.415--,java.lang.StackTraceElement.tickerPrice(MxcQuerier.java:79):MXC, 调用接口 https://www.mxc.io/open/api/v1/data/ticker?market=BTC_USDT, anchorToken:BTC-USDT 超时
2020-08-11 11:54:36,395 ERROR [ok] - ---currentTime:2020-08-11 11:54:36.395--,java.lang.StackTraceElement.tickerPrice(OkexQuerier.java:80):Okex, 调用接口 https://aws.okex.com/api/spot/v3/instruments/BTC-USDT/ticker, anchorToken:BTC-USDT 超时
2020-08-11 11:54:36,395 ERROR [ok] - ---currentTime:2020-08-11 11:54:36.395--,java.lang.StackTraceElement.tickerPrice(OkexQuerier.java:80):Okex, 调用接口 https://aws.okex.com/api/spot/v3/instruments/BTC-USDT/ticker, anchorToken:BTC-USDT 超时
2020-08-11 11:54:36,395 ERROR [ok] - ---currentTime:2020-08-11 11:54:36.395--,java.lang.StackTraceElement.tickerPrice(OkexQuerier.java:80):Okex, 调用接口 https://aws.okex.com/api/spot/v3/instruments/BTC-USDT/ticker, anchorToken:BTC-USDT 超时
2020-08-11 11:54:36,395 ERROR [huobi] - ---currentTime:2020-08-11 11:54:36.395--,java.lang.StackTraceElement.tickerPrice(HuobiQuerier.java:84):Huobi, 调用接口 https://api-aws.huobi.pro/market/detail/merged?symbol=btcusdt, anchorToken:BTC-USDT 超时
2020-08-11 11:54:36,395 ERROR [huobi] - ---currentTime:2020-08-11 11:54:36.395--,java.lang.StackTraceElement.tickerPrice(HuobiQuerier.java:84):Huobi, 调用接口 https://api-aws.huobi.pro/market/detail/merged?symbol=btcusdt, anchorToken:BTC-USDT 超时
2020-08-11 11:54:36,395 ERROR [huobi] - ---currentTime:2020-08-11 11:54:36.395--,java.lang.StackTraceElement.tickerPrice(HuobiQuerier.java:84):Huobi, 调用接口 https://api-aws.huobi.pro/market/detail/merged?symbol=btcusdt, anchorToken:BTC-USDT 超时
2020-08-11 11:54:36,401 ERROR [nvt] - ---currentTime:2020-08-11 11:54:36.401--,java.lang.StackTraceElement.tickerPrice(DexQuerier.java:92):Dex, 调用接口 http://api.nervedex.com/coin/trading/price/BTC-USDT, anchorToken:BTC-USDT 超时
2020-08-11 11:54:36,401 ERROR [nvt] - ---currentTime:2020-08-11 11:54:36.401--,java.lang.StackTraceElement.tickerPrice(DexQuerier.java:92):Dex, 调用接口 http://api.nervedex.com/coin/trading/price/BTC-USDT, anchorToken:BTC-USDT 超时
2020-08-11 11:54:36,401 ERROR [nvt] - ---currentTime:2020-08-11 11:54:36.401--,java.lang.StackTraceElement.tickerPrice(DexQuerier.java:92):Dex, 调用接口 http://api.nervedex.com/coin/trading/price/BTC-USDT, anchorToken:BTC-USDT 超时
2020-08-11 11:56:02,904 INFO [aex] - ---currentTime:2020-08-11 11:56:02.883--,java.lang.StackTraceElement.tickerPrice(AexQuerier.java:77):AEX 获取到交易对[BTC-USDT]价格:11832.41
2020-08-11 11:56:02,904 INFO [aex] - ---currentTime:2020-08-11 11:56:02.883--,java.lang.StackTraceElement.tickerPrice(AexQuerier.java:77):AEX 获取到交易对[BTC-USDT]价格:11832.41
2020-08-11 11:56:02,904 INFO [aex] - ---currentTime:2020-08-11 11:56:02.883--,java.lang.StackTraceElement.tickerPrice(AexQuerier.java:77):AEX 获取到交易对[BTC-USDT]价格:11832.41
2020-08-11 11:56:02,904 INFO [aex] - ---currentTime:2020-08-11 11:56:02.883--,java.lang.StackTraceElement.tickerPrice(AexQuerier.java:77):AEX 获取到交易对[BTC-USDT]价格:11832.41
2020-08-11 11:56:02,904 INFO [aex] - ---currentTime:2020-08-11 11:56:02.883--,java.lang.StackTraceElement.tickerPrice(AexQuerier.java:77):AEX 获取到交易对[BTC-USDT]价格:11832.41
2020-08-11 11:56:02,904 INFO [aex] - ---currentTime:2020-08-11 11:56:02.883--,java.lang.StackTraceElement.tickerPrice(AexQuerier.java:77):AEX 获取到交易对[BTC-USDT]价格:11832.41
2020-08-11 11:56:02,904 INFO [aex] - ---currentTime:2020-08-11 11:56:02.883--,java.lang.StackTraceElement.tickerPrice(AexQuerier.java:77):AEX 获取到交易对[BTC-USDT]价格:11832.41
2020-08-11 11:56:02,904 INFO [aex] - ---currentTime:2020-08-11 11:56:02.883--,java.lang.StackTraceElement.tickerPrice(AexQuerier.java:77):AEX 获取到交易对[BTC-USDT]价格:11832.41
2020-08-11 11:56:02,904 INFO [aex] - ---currentTime:2020-08-11 11:56:02.883--,java.lang.StackTraceElement.tickerPrice(AexQuerier.java:77):AEX 获取到交易对[BTC-USDT]价格:11832.41
2020-08-11 11:56:02,904 INFO [aex] - ---currentTime:2020-08-11 11:56:02.883--,java.lang.StackTraceElement.tickerPrice(AexQuerier.java:77):AEX 获取到交易对[BTC-USDT]价格:11832.41
2020-08-11 11:56:03,077 INFO [bitz] - ---currentTime:2020-08-11 11:56:03.076--,java.lang.StackTraceElement.tickerPrice(BitzQuerier.java:79):BitZ 获取到交易对[BTC_USDT]价格:11819.30
2020-08-11 11:56:03,158 ERROR [huobi] - ---currentTime:2020-08-11 11:56:03.158--,java.lang.StackTraceElement.tickerPrice(HuobiQuerier.java:87):Huobi, 调用接口 https://api-aws.huobi.pro/market/detail/merged?symbol=btcusdt, anchorToken:BTC-USDT 获取价格失败
2020-08-11 11:56:03,158 ERROR [huobi] - ---currentTime:2020-08-11 11:56:03.158--,java.lang.StackTraceElement.tickerPrice(HuobiQuerier.java:87):Huobi, 调用接口 https://api-aws.huobi.pro/market/detail/merged?symbol=btcusdt, anchorToken:BTC-USDT 获取价格失败
2020-08-11 11:56:03,159 ERROR [huobi] - ---currentTime:2020-08-11 11:56:03.158--,java.lang.StackTraceElement.tickerPrice(HuobiQuerier.java:87):Huobi, 调用接口 https://api-aws.huobi.pro/market/detail/merged?symbol=btcusdt, anchorToken:BTC-USDT 获取价格失败
2020-08-11 11:56:03,158 ERROR [huobi] - ---currentTime:2020-08-11 11:56:03.158--,java.lang.StackTraceElement.tickerPrice(HuobiQuerier.java:87):Huobi, 调用接口 https://api-aws.huobi.pro/market/detail/merged?symbol=btcusdt, anchorToken:BTC-USDT 获取价格失败
2020-08-11 11:56:03,159 ERROR [huobi] - ---currentTime:2020-08-11 11:56:03.158--,java.lang.StackTraceElement.tickerPrice(HuobiQuerier.java:87):Huobi, 调用接口 https://api-aws.huobi.pro/market/detail/merged?symbol=btcusdt, anchorToken:BTC-USDT 获取价格失败
2020-08-11 11:56:03,159 ERROR [huobi] - ---currentTime:2020-08-11 11:56:03.158--,java.lang.StackTraceElement.tickerPrice(HuobiQuerier.java:87):Huobi, 调用接口 https://api-aws.huobi.pro/market/detail/merged?symbol=btcusdt, anchorToken:BTC-USDT 获取价格失败
2020-08-11 11:56:03,159 ERROR [huobi] - ---currentTime:2020-08-11 11:56:03.158--,java.lang.StackTraceElement.tickerPrice(HuobiQuerier.java:87):Huobi, 调用接口 https://api-aws.huobi.pro/market/detail/merged?symbol=btcusdt, anchorToken:BTC-USDT 获取价格失败
2020-08-11 11:56:03,158 ERROR [huobi] - ---currentTime:2020-08-11 11:56:03.158--,java.lang.StackTraceElement.tickerPrice(HuobiQuerier.java:87):Huobi, 调用接口 https://api-aws.huobi.pro/market/detail/merged?symbol=btcusdt, anchorToken:BTC-USDT 获取价格失败
2020-08-11 11:56:03,158 ERROR [huobi] - ---currentTime:2020-08-11 11:56:03.158--,java.lang.StackTraceElement.tickerPrice(HuobiQuerier.java:87):Huobi, 调用接口 https://api-aws.huobi.pro/market/detail/merged?symbol=btcusdt, anchorToken:BTC-USDT 获取价格失败
2020-08-11 11:56:03,158 ERROR [huobi] - ---currentTime:2020-08-11 11:56:03.158--,java.lang.StackTraceElement.tickerPrice(HuobiQuerier.java:87):Huobi, 调用接口 https://api-aws.huobi.pro/market/detail/merged?symbol=btcusdt, anchorToken:BTC-USDT 获取价格失败
2020-08-11 11:56:03,459 INFO [bitz] - ---currentTime:2020-08-11 11:56:03.459--,java.lang.StackTraceElement.tickerPrice(BitzQuerier.java:79):BitZ 获取到交易对[BTC_USDT]价格:11819.30
2020-08-11 11:56:03,494 INFO [bitz] - ---currentTime:2020-08-11 11:56:03.494--,java.lang.StackTraceElement.tickerPrice(BitzQuerier.java:79):BitZ 获取到交易对[BTC_USDT]价格:11819.30
2020-08-11 11:56:03,495 INFO [bitz] - ---currentTime:2020-08-11 11:56:03.495--,java.lang.StackTraceElement.tickerPrice(BitzQuerier.java:79):BitZ 获取到交易对[BTC_USDT]价格:11819.30
2020-08-11 11:56:03,507 INFO [bitz] - ---currentTime:2020-08-11 11:56:03.507--,java.lang.StackTraceElement.tickerPrice(BitzQuerier.java:79):BitZ 获取到交易对[BTC_USDT]价格:11819.30
2020-08-11 11:56:03,520 INFO [bitz] - ---currentTime:2020-08-11 11:56:03.520--,java.lang.StackTraceElement.tickerPrice(BitzQuerier.java:79):BitZ 获取到交易对[BTC_USDT]价格:11819.30
2020-08-11 11:56:03,521 INFO [bitz] - ---currentTime:2020-08-11 11:56:03.521--,java.lang.StackTraceElement.tickerPrice(BitzQuerier.java:79):BitZ 获取到交易对[BTC_USDT]价格:11819.30
2020-08-11 11:56:03,529 ERROR [bitz] - ---currentTime:2020-08-11 11:56:03.529--,java.lang.StackTraceElement.tickerPrice(BitzQuerier.java:85):BitZ, 调用接口 https://api.bitzspeed.com//Market/ticker?symbol=btc_usdt, anchorToken:BTC-USDT 获取价格失败
2020-08-11 11:56:03,714 INFO [bitz] - ---currentTime:2020-08-11 11:56:03.714--,java.lang.StackTraceElement.tickerPrice(BitzQuerier.java:79):BitZ 获取到交易对[BTC_USDT]价格:11819.30
2020-08-11 11:56:03,968 INFO [bitz] - ---currentTime:2020-08-11 11:56:03.968--,java.lang.StackTraceElement.tickerPrice(BitzQuerier.java:79):BitZ 获取到交易对[BTC_USDT]价格:11819.31
2020-08-11 11:56:07,055 ERROR [ok] - ---currentTime:2020-08-11 11:56:07.055--,java.lang.StackTraceElement.tickerPrice(BinanceQuerier.java:85):Binance, 调用接口 https://api.binance.com/api/v3/ticker/price?symbol=BTCUSDT, anchorToken:BTC-USDT 超时
2020-08-11 11:56:07,056 ERROR [ok] - ---currentTime:2020-08-11 11:56:07.056--,java.lang.StackTraceElement.tickerPrice(OkexQuerier.java:80):Okex, 调用接口 https://aws.okex.com/api/spot/v3/instruments/BTC-USDT/ticker, anchorToken:BTC-USDT 超时
2020-08-11 11:56:07,055 ERROR [ok] - ---currentTime:2020-08-11 11:56:07.055--,java.lang.StackTraceElement.tickerPrice(OkexQuerier.java:80):Okex, 调用接口 https://aws.okex.com/api/spot/v3/instruments/BTC-USDT/ticker, anchorToken:BTC-USDT 超时
2020-08-11 11:56:07,056 ERROR [ok] - ---currentTime:2020-08-11 11:56:07.055--,java.lang.StackTraceElement.tickerPrice(BinanceQuerier.java:85):Binance, 调用接口 https://api.binance.com/api/v3/ticker/price?symbol=BTCUSDT, anchorToken:BTC-USDT 超时
2020-08-11 11:56:07,055 ERROR [ok] - ---currentTime:2020-08-11 11:56:07.055--,java.lang.StackTraceElement.tickerPrice(OkexQuerier.java:80):Okex, 调用接口 https://aws.okex.com/api/spot/v3/instruments/BTC-USDT/ticker, anchorToken:BTC-USDT 超时
2020-08-11 11:56:07,055 ERROR [ok] - ---currentTime:2020-08-11 11:56:07.055--,java.lang.StackTraceElement.tickerPrice(OkexQuerier.java:80):Okex, 调用接口 https://aws.okex.com/api/spot/v3/instruments/BTC-USDT/ticker, anchorToken:BTC-USDT 超时
2020-08-11 11:56:07,056 ERROR [ok] - ---currentTime:2020-08-11 11:56:07.055--,java.lang.StackTraceElement.tickerPrice(OkexQuerier.java:80):Okex, 调用接口 https://aws.okex.com/api/spot/v3/instruments/BTC-USDT/ticker, anchorToken:BTC-USDT 超时
2020-08-11 11:56:07,056 ERROR [ok] - ---currentTime:2020-08-11 11:56:07.055--,java.lang.StackTraceElement.tickerPrice(OkexQuerier.java:80):Okex, 调用接口 https://aws.okex.com/api/spot/v3/instruments/BTC-USDT/ticker, anchorToken:BTC-USDT 超时
2020-08-11 11:56:07,056 ERROR [ok] - ---currentTime:2020-08-11 11:56:07.055--,java.lang.StackTraceElement.tickerPrice(OkexQuerier.java:80):Okex, 调用接口 https://aws.okex.com/api/spot/v3/instruments/BTC-USDT/ticker, anchorToken:BTC-USDT 超时
2020-08-11 11:56:07,056 ERROR [ok] - ---currentTime:2020-08-11 11:56:07.056--,java.lang.StackTraceElement.tickerPrice(BinanceQuerier.java:85):Binance, 调用接口 https://api.binance.com/api/v3/ticker/price?symbol=BTCUSDT, anchorToken:BTC-USDT 超时
2020-08-11 11:56:07,056 ERROR [ok] - ---currentTime:2020-08-11 11:56:07.055--,java.lang.StackTraceElement.tickerPrice(OkexQuerier.java:80):Okex, 调用接口 https://aws.okex.com/api/spot/v3/instruments/BTC-USDT/ticker, anchorToken:BTC-USDT 超时
2020-08-11 11:56:07,057 ERROR [ok] - ---currentTime:2020-08-11 11:56:07.056--,java.lang.StackTraceElement.tickerPrice(BinanceQuerier.java:85):Binance, 调用接口 https://api.binance.com/api/v3/ticker/price?symbol=BTCUSDT, anchorToken:BTC-USDT 超时
2020-08-11 11:56:07,055 ERROR [ok] - ---currentTime:2020-08-11 11:56:07.055--,java.lang.StackTraceElement.tickerPrice(BinanceQuerier.java:85):Binance, 调用接口 https://api.binance.com/api/v3/ticker/price?symbol=BTCUSDT, anchorToken:BTC-USDT 超时
2020-08-11 11:56:07,055 ERROR [ok] - ---currentTime:2020-08-11 11:56:07.055--,java.lang.StackTraceElement.tickerPrice(BinanceQuerier.java:85):Binance, 调用接口 https://api.binance.com/api/v3/ticker/price?symbol=BTCUSDT, anchorToken:BTC-USDT 超时
2020-08-11 11:56:07,056 ERROR [ok] - ---currentTime:2020-08-11 11:56:07.056--,java.lang.StackTraceElement.tickerPrice(BinanceQuerier.java:85):Binance, 调用接口 https://api.binance.com/api/v3/ticker/price?symbol=BTCUSDT, anchorToken:BTC-USDT 超时
2020-08-11 11:56:07,056 ERROR [ok] - ---currentTime:2020-08-11 11:56:07.055--,java.lang.StackTraceElement.tickerPrice(BinanceQuerier.java:85):Binance, 调用接口 https://api.binance.com/api/v3/ticker/price?symbol=BTCUSDT, anchorToken:BTC-USDT 超时
2020-08-11 11:56:07,056 ERROR [ok] - ---currentTime:2020-08-11 11:56:07.055--,java.lang.StackTraceElement.tickerPrice(BinanceQuerier.java:85):Binance, 调用接口 https://api.binance.com/api/v3/ticker/price?symbol=BTCUSDT, anchorToken:BTC-USDT 超时
2020-08-11 11:56:07,056 ERROR [ok] - ---currentTime:2020-08-11 11:56:07.055--,java.lang.StackTraceElement.tickerPrice(BinanceQuerier.java:85):Binance, 调用接口 https://api.binance.com/api/v3/ticker/price?symbol=BTCUSDT, anchorToken:BTC-USDT 超时
2020-08-11 11:56:07,056 ERROR [ok] - ---currentTime:2020-08-11 11:56:07.055--,java.lang.StackTraceElement.tickerPrice(OkexQuerier.java:80):Okex, 调用接口 https://aws.okex.com/api/spot/v3/instruments/BTC-USDT/ticker, anchorToken:BTC-USDT 超时
2020-08-11 11:56:07,057 ERROR [ok] - ---currentTime:2020-08-11 11:56:07.055--,java.lang.StackTraceElement.tickerPrice(OkexQuerier.java:80):Okex, 调用接口 https://aws.okex.com/api/spot/v3/instruments/BTC-USDT/ticker, anchorToken:BTC-USDT 超时
2020-08-11 11:56:07,200 ERROR [mx] - ---currentTime:2020-08-11 11:56:07.200--,java.lang.StackTraceElement.tickerPrice(MxcQuerier.java:79):MXC, 调用接口 https://www.mxc.io/open/api/v1/data/ticker?market=BTC_USDT, anchorToken:BTC-USDT 超时
2020-08-11 11:56:07,200 ERROR [mx] - ---currentTime:2020-08-11 11:56:07.200--,java.lang.StackTraceElement.tickerPrice(MxcQuerier.java:79):MXC, 调用接口 https://www.mxc.io/open/api/v1/data/ticker?market=BTC_USDT, anchorToken:BTC-USDT 超时
2020-08-11 11:56:07,200 ERROR [mx] - ---currentTime:2020-08-11 11:56:07.200--,java.lang.StackTraceElement.tickerPrice(MxcQuerier.java:79):MXC, 调用接口 https://www.mxc.io/open/api/v1/data/ticker?market=BTC_USDT, anchorToken:BTC-USDT 超时
2020-08-11 11:56:07,200 ERROR [mx] - ---currentTime:2020-08-11 11:56:07.200--,java.lang.StackTraceElement.tickerPrice(MxcQuerier.java:79):MXC, 调用接口 https://www.mxc.io/open/api/v1/data/ticker?market=BTC_USDT, anchorToken:BTC-USDT 超时
2020-08-11 11:56:07,200 ERROR [mx] - ---currentTime:2020-08-11 11:56:07.200--,java.lang.StackTraceElement.tickerPrice(MxcQuerier.java:79):MXC, 调用接口 https://www.mxc.io/open/api/v1/data/ticker?market=BTC_USDT, anchorToken:BTC-USDT 超时
2020-08-11 11:56:07,200 ERROR [mx] - ---currentTime:2020-08-11 11:56:07.200--,java.lang.StackTraceElement.tickerPrice(MxcQuerier.java:79):MXC, 调用接口 https://www.mxc.io/open/api/v1/data/ticker?market=BTC_USDT, anchorToken:BTC-USDT 超时
2020-08-11 11:56:07,200 ERROR [mx] - ---currentTime:2020-08-11 11:56:07.200--,java.lang.StackTraceElement.tickerPrice(MxcQuerier.java:79):MXC, 调用接口 https://www.mxc.io/open/api/v1/data/ticker?market=BTC_USDT, anchorToken:BTC-USDT 超时
2020-08-11 11:56:07,200 ERROR [mx] - ---currentTime:2020-08-11 11:56:07.200--,java.lang.StackTraceElement.tickerPrice(MxcQuerier.java:79):MXC, 调用接口 https://www.mxc.io/open/api/v1/data/ticker?market=BTC_USDT, anchorToken:BTC-USDT 超时
2020-08-11 11:56:07,200 ERROR [mx] - ---currentTime:2020-08-11 11:56:07.200--,java.lang.StackTraceElement.tickerPrice(MxcQuerier.java:79):MXC, 调用接口 https://www.mxc.io/open/api/v1/data/ticker?market=BTC_USDT, anchorToken:BTC-USDT 超时
2020-08-11 11:56:07,200 ERROR [mx] - ---currentTime:2020-08-11 11:56:07.200--,java.lang.StackTraceElement.tickerPrice(MxcQuerier.java:79):MXC, 调用接口 https://www.mxc.io/open/api/v1/data/ticker?market=BTC_USDT, anchorToken:BTC-USDT 超时
2020-08-11 11:56:32,094 ERROR [nvt] - ---currentTime:2020-08-11 11:56:32.093--,java.lang.StackTraceElement.tickerPrice(DexQuerier.java:92):Dex, 调用接口 http://api.nervedex.com/coin/trading/price/BTC-USDT, anchorToken:BTC-USDT 超时
2020-08-11 11:56:32,094 ERROR [nvt] - ---currentTime:2020-08-11 11:56:32.094--,java.lang.StackTraceElement.tickerPrice(DexQuerier.java:92):Dex, 调用接口 http://api.nervedex.com/coin/trading/price/BTC-USDT, anchorToken:BTC-USDT 超时
2020-08-11 11:56:32,094 ERROR [nvt] - ---currentTime:2020-08-11 11:56:32.093--,java.lang.StackTraceElement.tickerPrice(DexQuerier.java:92):Dex, 调用接口 http://api.nervedex.com/coin/trading/price/BTC-USDT, anchorToken:BTC-USDT 超时
2020-08-11 11:56:32,094 ERROR [nvt] - ---currentTime:2020-08-11 11:56:32.093--,java.lang.StackTraceElement.tickerPrice(DexQuerier.java:92):Dex, 调用接口 http://api.nervedex.com/coin/trading/price/BTC-USDT, anchorToken:BTC-USDT 超时
2020-08-11 11:56:32,094 ERROR [nvt] - ---currentTime:2020-08-11 11:56:32.093--,java.lang.StackTraceElement.tickerPrice(DexQuerier.java:92):Dex, 调用接口 http://api.nervedex.com/coin/trading/price/BTC-USDT, anchorToken:BTC-USDT 超时
2020-08-11 11:56:32,094 ERROR [nvt] - ---currentTime:2020-08-11 11:56:32.093--,java.lang.StackTraceElement.tickerPrice(DexQuerier.java:92):Dex, 调用接口 http://api.nervedex.com/coin/trading/price/BTC-USDT, anchorToken:BTC-USDT 超时
2020-08-11 11:56:32,094 ERROR [nvt] - ---currentTime:2020-08-11 11:56:32.093--,java.lang.StackTraceElement.tickerPrice(DexQuerier.java:92):Dex, 调用接口 http://api.nervedex.com/coin/trading/price/BTC-USDT, anchorToken:BTC-USDT 超时
2020-08-11 11:56:32,094 ERROR [nvt] - ---currentTime:2020-08-11 11:56:32.093--,java.lang.StackTraceElement.tickerPrice(DexQuerier.java:92):Dex, 调用接口 http://api.nervedex.com/coin/trading/price/BTC-USDT, anchorToken:BTC-USDT 超时
2020-08-11 11:56:32,094 ERROR [nvt] - ---currentTime:2020-08-11 11:56:32.093--,java.lang.StackTraceElement.tickerPrice(DexQuerier.java:92):Dex, 调用接口 http://api.nervedex.com/coin/trading/price/BTC-USDT, anchorToken:BTC-USDT 超时
2020-08-11 11:56:32,094 ERROR [nvt] - ---currentTime:2020-08-11 11:56:32.093--,java.lang.StackTraceElement.tickerPrice(DexQuerier.java:92):Dex, 调用接口 http://api.nervedex.com/coin/trading/price/BTC-USDT, anchorToken:BTC-USDT 超时
2020-08-11 15:20:14,738 INFO [ok] - ---currentTime:2020-08-11 15:20:14.711--,java.lang.StackTraceElement.tickerPrice(BinanceQuerier.java:61):Binance 获取到交易对[BTCUSDT]价格:11727.67000000
2020-08-11 15:20:14,738 INFO [ok] - ---currentTime:2020-08-11 15:20:14.711--,java.lang.StackTraceElement.tickerPrice(BinanceQuerier.java:61):Binance 获取到交易对[BTCUSDT]价格:11727.67000000
2020-08-11 15:20:14,738 INFO [ok] - ---currentTime:2020-08-11 15:20:14.711--,java.lang.StackTraceElement.tickerPrice(BinanceQuerier.java:61):Binance 获取到交易对[BTCUSDT]价格:11727.67000000
2020-08-11 15:20:14,738 INFO [nvt] - ---currentTime:2020-08-11 15:20:14.712--,java.lang.StackTraceElement.tickerPrice(DexQuerier.java:69):Dex 获取到交易对[NVT-NULS]价格:0.44782674
2020-08-11 15:20:14,738 INFO [ok] - ---currentTime:2020-08-11 15:20:14.711--,java.lang.StackTraceElement.tickerPrice(BinanceQuerier.java:61):Binance 获取到交易对[BTCUSDT]价格:11727.67000000
2020-08-11 15:20:14,738 INFO [nvt] - ---currentTime:2020-08-11 15:20:14.712--,java.lang.StackTraceElement.tickerPrice(DexQuerier.java:69):Dex 获取到交易对[NVT-NULS]价格:0.44782674
2020-08-11 15:20:14,737 INFO [nvt] - ---currentTime:2020-08-11 15:20:14.712--,java.lang.StackTraceElement.tickerPrice(DexQuerier.java:69):Dex 获取到交易对[NVT-NULS]价格:0.44782674
2020-08-11 15:20:14,738 INFO [ok] - ---currentTime:2020-08-11 15:20:14.711--,java.lang.StackTraceElement.tickerPrice(BinanceQuerier.java:61):Binance 获取到交易对[BTCUSDT]价格:11727.67000000
2020-08-11 15:20:14,738 INFO [ok] - ---currentTime:2020-08-11 15:20:14.711--,java.lang.StackTraceElement.tickerPrice(BinanceQuerier.java:61):Binance 获取到交易对[BTCUSDT]价格:11727.67000000
2020-08-11 15:20:14,738 INFO [nvt] - ---currentTime:2020-08-11 15:20:14.712--,java.lang.StackTraceElement.tickerPrice(DexQuerier.java:69):Dex 获取到交易对[NVT-NULS]价格:0.44782674
2020-08-11 15:20:14,738 INFO [nvt] - ---currentTime:2020-08-11 15:20:14.712--,java.lang.StackTraceElement.tickerPrice(DexQuerier.java:69):Dex 获取到交易对[NVT-NULS]价格:0.44782674
2020-08-11 15:20:14,738 INFO [ok] - ---currentTime:2020-08-11 15:20:14.711--,java.lang.StackTraceElement.tickerPrice(BinanceQuerier.java:61):Binance 获取到交易对[BTCUSDT]价格:11727.67000000
2020-08-11 15:20:14,738 INFO [ok] - ---currentTime:2020-08-11 15:20:14.711--,java.lang.StackTraceElement.tickerPrice(BinanceQuerier.java:61):Binance 获取到交易对[BTCUSDT]价格:11727.67000000
2020-08-11 15:20:14,738 INFO [nvt] - ---currentTime:2020-08-11 15:20:14.712--,java.lang.StackTraceElement.tickerPrice(DexQuerier.java:69):Dex 获取到交易对[NVT-NULS]价格:0.44782674
2020-08-11 15:20:14,738 INFO [nvt] - ---currentTime:2020-08-11 15:20:14.712--,java.lang.StackTraceElement.tickerPrice(DexQuerier.java:69):Dex 获取到交易对[NVT-NULS]价格:0.44782674
2020-08-11 15:20:14,737 INFO [ok] - ---currentTime:2020-08-11 15:20:14.711--,java.lang.StackTraceElement.tickerPrice(BinanceQuerier.java:61):Binance 获取到交易对[BTCUSDT]价格:11727.67000000
2020-08-11 15:20:14,738 INFO [ok] - ---currentTime:2020-08-11 15:20:14.711--,java.lang.StackTraceElement.tickerPrice(BinanceQuerier.java:61):Binance 获取到交易对[BTCUSDT]价格:11727.67000000
2020-08-11 15:20:14,738 INFO [nvt] - ---currentTime:2020-08-11 15:20:14.712--,java.lang.StackTraceElement.tickerPrice(DexQuerier.java:69):Dex 获取到交易对[NVT-NULS]价格:0.44782674
2020-08-11 15:20:14,738 INFO [nvt] - ---currentTime:2020-08-11 15:20:14.712--,java.lang.StackTraceElement.tickerPrice(DexQuerier.java:69):Dex 获取到交易对[NVT-NULS]价格:0.44782674
2020-08-11 15:20:14,738 INFO [nvt] - ---currentTime:2020-08-11 15:20:14.712--,java.lang.StackTraceElement.tickerPrice(DexQuerier.java:69):Dex 获取到交易对[NVT-NULS]价格:0.44782674
2020-08-11 15:20:14,837 INFO [aex] - ---currentTime:2020-08-11 15:20:14.835--,java.lang.StackTraceElement.tickerPrice(AexQuerier.java:56):AEX 获取到交易对[BTC-USDT]价格:11727.01
2020-08-11 15:20:14,837 INFO [aex] - ---currentTime:2020-08-11 15:20:14.835--,java.lang.StackTraceElement.tickerPrice(AexQuerier.java:56):AEX 获取到交易对[BTC-USDT]价格:11727.01
2020-08-11 15:20:14,839 INFO [aex] - ---currentTime:2020-08-11 15:20:14.839--,java.lang.StackTraceElement.tickerPrice(AexQuerier.java:56):AEX 获取到交易对[BTC-USDT]价格:11727.01
2020-08-11 15:20:14,839 INFO [aex] - ---currentTime:2020-08-11 15:20:14.839--,java.lang.StackTraceElement.tickerPrice(AexQuerier.java:56):AEX 获取到交易对[BTC-USDT]价格:11727.01
2020-08-11 15:20:14,839 INFO [aex] - ---currentTime:2020-08-11 15:20:14.839--,java.lang.StackTraceElement.tickerPrice(AexQuerier.java:56):AEX 获取到交易对[BTC-USDT]价格:11727.01
2020-08-11 15:20:14,841 INFO [aex] - ---currentTime:2020-08-11 15:20:14.841--,java.lang.StackTraceElement.tickerPrice(AexQuerier.java:56):AEX 获取到交易对[BTC-USDT]价格:11727.01
2020-08-11 15:20:14,850 INFO [aex] - ---currentTime:2020-08-11 15:20:14.850--,java.lang.StackTraceElement.tickerPrice(AexQuerier.java:56):AEX 获取到交易对[BTC-USDT]价格:11727.01
2020-08-11 15:20:14,854 INFO [aex] - ---currentTime:2020-08-11 15:20:14.854--,java.lang.StackTraceElement.tickerPrice(AexQuerier.java:56):AEX 获取到交易对[BTC-USDT]价格:11727.01
2020-08-11 15:20:14,854 INFO [aex] - ---currentTime:2020-08-11 15:20:14.854--,java.lang.StackTraceElement.tickerPrice(AexQuerier.java:56):AEX 获取到交易对[BTC-USDT]价格:11727.01
2020-08-11 15:20:14,860 INFO [aex] - ---currentTime:2020-08-11 15:20:14.860--,java.lang.StackTraceElement.tickerPrice(AexQuerier.java:56):AEX 获取到交易对[BTC-USDT]价格:11727.01
2020-08-11 15:20:20,357 INFO [bitz] - ---currentTime:2020-08-11 15:20:20.357--,java.lang.StackTraceElement.tickerPrice(BitzQuerier.java:68):BitZ 获取到交易对[BTC_USDT]价格:11734.17
2020-08-11 15:20:20,853 INFO [bitz] - ---currentTime:2020-08-11 15:20:20.853--,java.lang.StackTraceElement.tickerPrice(BitzQuerier.java:68):BitZ 获取到交易对[BTC_USDT]价格:11734.17
2020-08-11 15:20:20,865 INFO [bitz] - ---currentTime:2020-08-11 15:20:20.865--,java.lang.StackTraceElement.tickerPrice(BitzQuerier.java:68):BitZ 获取到交易对[BTC_USDT]价格:11734.17
2020-08-11 15:20:21,085 INFO [bitz] - ---currentTime:2020-08-11 15:20:21.085--,java.lang.StackTraceElement.tickerPrice(BitzQuerier.java:68):BitZ 获取到交易对[BTC_USDT]价格:11734.17
2020-08-11 15:20:21,389 INFO [bitz] - ---currentTime:2020-08-11 15:20:21.388--,java.lang.StackTraceElement.tickerPrice(BitzQuerier.java:68):BitZ 获取到交易对[BTC_USDT]价格:11734.17
2020-08-11 15:20:21,809 INFO [bitz] - ---currentTime:2020-08-11 15:20:21.809--,java.lang.StackTraceElement.tickerPrice(BitzQuerier.java:68):BitZ 获取到交易对[BTC_USDT]价格:11734.17
2020-08-11 15:20:22,026 INFO [bitz] - ---currentTime:2020-08-11 15:20:22.026--,java.lang.StackTraceElement.tickerPrice(BitzQuerier.java:68):BitZ 获取到交易对[BTC_USDT]价格:11734.17
2020-08-11 15:20:22,064 INFO [bitz] - ---currentTime:2020-08-11 15:20:22.064--,java.lang.StackTraceElement.tickerPrice(BitzQuerier.java:68):BitZ 获取到交易对[BTC_USDT]价格:11733.51
2020-08-11 15:20:22,118 INFO [bitz] - ---currentTime:2020-08-11 15:20:22.117--,java.lang.StackTraceElement.tickerPrice(BitzQuerier.java:68):BitZ 获取到交易对[BTC_USDT]价格:11734.17
2020-08-11 15:20:26,078 INFO [bitz] - ---currentTime:2020-08-11 15:20:26.078--,java.lang.StackTraceElement.tickerPrice(BitzQuerier.java:68):BitZ 获取到交易对[BTC_USDT]价格:11734.17
2020-08-11 15:23:58,444 ERROR [ok] - ---currentTime:2020-08-11 15:23:58.443--,java.lang.StackTraceElement.httpRequest(HttpRequestUtil.java:36):调用接口:https://aws.okex.com/api/spot/v3/instruments/BTC-USDT/ticker 异常, No route to host (Host unreachable)
2020-08-11 15:23:58,444 ERROR [ok] - ---currentTime:2020-08-11 15:23:58.444--,java.lang.StackTraceElement.httpRequest(HttpRequestUtil.java:36):调用接口:https://aws.okex.com/api/spot/v3/instruments/BTC-USDT/ticker 异常, No route to host (Host unreachable)
2020-08-11 15:23:58,444 ERROR [ok] - ---currentTime:2020-08-11 15:23:58.444--,java.lang.StackTraceElement.httpRequest(HttpRequestUtil.java:36):调用接口:https://aws.okex.com/api/spot/v3/instruments/BTC-USDT/ticker 异常, No route to host (Host unreachable)
2020-08-11 15:23:58,444 ERROR [ok] - ---currentTime:2020-08-11 15:23:58.444--,java.lang.StackTraceElement.tickerPrice(OkexQuerier.java:64):调用https://aws.okex.com/api/spot/v3/instruments/BTC-USDT/ticker接口, Okex获取价格失败
2020-08-11 15:23:58,444 ERROR [ok] - ---currentTime:2020-08-11 15:23:58.444--,java.lang.StackTraceElement.tickerPrice(OkexQuerier.java:64):调用https://aws.okex.com/api/spot/v3/instruments/BTC-USDT/ticker接口, Okex获取价格失败
2020-08-11 15:23:58,444 ERROR [ok] - ---currentTime:2020-08-11 15:23:58.444--,java.lang.StackTraceElement.httpRequest(HttpRequestUtil.java:36):调用接口:https://aws.okex.com/api/spot/v3/instruments/BTC-USDT/ticker 异常, No route to host (Host unreachable)
2020-08-11 15:23:58,444 ERROR [ok] - ---currentTime:2020-08-11 15:23:58.444--,java.lang.StackTraceElement.tickerPrice(OkexQuerier.java:64):调用https://aws.okex.com/api/spot/v3/instruments/BTC-USDT/ticker接口, Okex获取价格失败
2020-08-11 15:23:58,444 ERROR [ok] - ---currentTime:2020-08-11 15:23:58.444--,java.lang.StackTraceElement.httpRequest(HttpRequestUtil.java:36):调用接口:https://aws.okex.com/api/spot/v3/instruments/BTC-USDT/ticker 异常, No route to host (Host unreachable)
2020-08-11 15:23:58,445 ERROR [ok] - ---currentTime:2020-08-11 15:23:58.445--,java.lang.StackTraceElement.tickerPrice(OkexQuerier.java:64):调用https://aws.okex.com/api/spot/v3/instruments/BTC-USDT/ticker接口, Okex获取价格失败
2020-08-11 15:23:58,445 ERROR [ok] - ---currentTime:2020-08-11 15:23:58.445--,java.lang.StackTraceElement.httpRequest(HttpRequestUtil.java:36):调用接口:https://aws.okex.com/api/spot/v3/instruments/BTC-USDT/ticker 异常, No route to host (Host unreachable)
2020-08-11 15:23:58,445 ERROR [ok] - ---currentTime:2020-08-11 15:23:58.445--,java.lang.StackTraceElement.tickerPrice(OkexQuerier.java:64):调用https://aws.okex.com/api/spot/v3/instruments/BTC-USDT/ticker接口, Okex获取价格失败
2020-08-11 15:23:58,445 ERROR [ok] - ---currentTime:2020-08-11 15:23:58.445--,java.lang.StackTraceElement.tickerPrice(OkexQuerier.java:64):调用https://aws.okex.com/api/spot/v3/instruments/BTC-USDT/ticker接口, Okex获取价格失败
2020-08-11 15:23:58,447 ERROR [ok] - ---currentTime:2020-08-11 15:23:58.447--,java.lang.StackTraceElement.httpRequest(HttpRequestUtil.java:36):调用接口:https://aws.okex.com/api/spot/v3/instruments/BTC-USDT/ticker 异常, No route to host (Host unreachable)
2020-08-11 15:23:58,447 ERROR [ok] - ---currentTime:2020-08-11 15:23:58.447--,java.lang.StackTraceElement.httpRequest(HttpRequestUtil.java:36):调用接口:https://aws.okex.com/api/spot/v3/instruments/BTC-USDT/ticker 异常, No route to host (Host unreachable)
2020-08-11 15:23:58,447 ERROR [ok] - ---currentTime:2020-08-11 15:23:58.447--,java.lang.StackTraceElement.httpRequest(HttpRequestUtil.java:36):调用接口:https://aws.okex.com/api/spot/v3/instruments/BTC-USDT/ticker 异常, No route to host (Host unreachable)
2020-08-11 15:23:58,447 ERROR [ok] - ---currentTime:2020-08-11 15:23:58.447--,java.lang.StackTraceElement.tickerPrice(OkexQuerier.java:64):调用https://aws.okex.com/api/spot/v3/instruments/BTC-USDT/ticker接口, Okex获取价格失败
2020-08-11 15:23:58,447 ERROR [ok] - ---currentTime:2020-08-11 15:23:58.447--,java.lang.StackTraceElement.httpRequest(HttpRequestUtil.java:36):调用接口:https://aws.okex.com/api/spot/v3/instruments/BTC-USDT/ticker 异常, No route to host (Host unreachable)
2020-08-11 15:23:58,447 ERROR [ok] - ---currentTime:2020-08-11 15:23:58.447--,java.lang.StackTraceElement.tickerPrice(OkexQuerier.java:64):调用https://aws.okex.com/api/spot/v3/instruments/BTC-USDT/ticker接口, Okex获取价格失败
2020-08-11 15:23:58,447 ERROR [ok] - ---currentTime:2020-08-11 15:23:58.447--,java.lang.StackTraceElement.tickerPrice(OkexQuerier.java:64):调用https://aws.okex.com/api/spot/v3/instruments/BTC-USDT/ticker接口, Okex获取价格失败
2020-08-11 15:23:58,447 ERROR [ok] - ---currentTime:2020-08-11 15:23:58.447--,java.lang.StackTraceElement.tickerPrice(OkexQuerier.java:64):调用https://aws.okex.com/api/spot/v3/instruments/BTC-USDT/ticker接口, Okex获取价格失败
2020-08-11 15:25:14,681 ERROR [huobi] - ---currentTime:2020-08-11 15:25:14.681--,java.lang.StackTraceElement.httpRequest(HttpRequestUtil.java:36):调用接口:https://api-aws.huobi.pro/market/detail/merged?symbol=btcusdt 异常, No route to host (Host unreachable)
2020-08-11 15:25:14,681 ERROR [huobi] - ---currentTime:2020-08-11 15:25:14.681--,java.lang.StackTraceElement.httpRequest(HttpRequestUtil.java:36):调用接口:https://api-aws.huobi.pro/market/detail/merged?symbol=btcusdt 异常, No route to host (Host unreachable)
2020-08-11 15:25:14,681 ERROR [huobi] - ---currentTime:2020-08-11 15:25:14.681--,java.lang.StackTraceElement.httpRequest(HttpRequestUtil.java:36):调用接口:https://api-aws.huobi.pro/market/detail/merged?symbol=btcusdt 异常, No route to host (Host unreachable)
2020-08-11 15:25:14,681 ERROR [huobi] - ---currentTime:2020-08-11 15:25:14.681--,java.lang.StackTraceElement.httpRequest(HttpRequestUtil.java:36):调用接口:https://api-aws.huobi.pro/market/detail/merged?symbol=btcusdt 异常, No route to host (Host unreachable)
2020-08-11 15:25:14,681 ERROR [huobi] - ---currentTime:2020-08-11 15:25:14.681--,java.lang.StackTraceElement.httpRequest(HttpRequestUtil.java:36):调用接口:https://api-aws.huobi.pro/market/detail/merged?symbol=btcusdt 异常, No route to host (Host unreachable)
2020-08-11 15:25:14,681 ERROR [huobi] - ---currentTime:2020-08-11 15:25:14.681--,java.lang.StackTraceElement.httpRequest(HttpRequestUtil.java:36):调用接口:https://api-aws.huobi.pro/market/detail/merged?symbol=btcusdt 异常, No route to host (Host unreachable)
2020-08-11 15:25:14,681 ERROR [huobi] - ---currentTime:2020-08-11 15:25:14.681--,java.lang.StackTraceElement.httpRequest(HttpRequestUtil.java:36):调用接口:https://api-aws.huobi.pro/market/detail/merged?symbol=btcusdt 异常, No route to host (Host unreachable)
2020-08-11 15:25:14,681 ERROR [huobi] - ---currentTime:2020-08-11 15:25:14.681--,java.lang.StackTraceElement.httpRequest(HttpRequestUtil.java:36):调用接口:https://api-aws.huobi.pro/market/detail/merged?symbol=btcusdt 异常, No route to host (Host unreachable)
2020-08-11 15:25:14,682 ERROR [huobi] - ---currentTime:2020-08-11 15:25:14.682--,java.lang.StackTraceElement.tickerPrice(HuobiQuerier.java:57):Huobi 调用:https://api-aws.huobi.pro/market/detail/merged?symbol=btcusdt接口, Huobi获取价格失败
2020-08-11 15:25:14,682 ERROR [huobi] - ---currentTime:2020-08-11 15:25:14.682--,java.lang.StackTraceElement.tickerPrice(HuobiQuerier.java:57):Huobi 调用:https://api-aws.huobi.pro/market/detail/merged?symbol=btcusdt接口, Huobi获取价格失败
2020-08-11 15:25:14,681 ERROR [huobi] - ---currentTime:2020-08-11 15:25:14.681--,java.lang.StackTraceElement.httpRequest(HttpRequestUtil.java:36):调用接口:https://api-aws.huobi.pro/market/detail/merged?symbol=btcusdt 异常, No route to host (Host unreachable)
2020-08-11 15:25:14,681 ERROR [huobi] - ---currentTime:2020-08-11 15:25:14.681--,java.lang.StackTraceElement.httpRequest(HttpRequestUtil.java:36):调用接口:https://api-aws.huobi.pro/market/detail/merged?symbol=btcusdt 异常, No route to host (Host unreachable)
2020-08-11 15:25:14,682 ERROR [huobi] - ---currentTime:2020-08-11 15:25:14.682--,java.lang.StackTraceElement.tickerPrice(HuobiQuerier.java:57):Huobi 调用:https://api-aws.huobi.pro/market/detail/merged?symbol=btcusdt接口, Huobi获取价格失败
2020-08-11 15:25:14,682 ERROR [huobi] - ---currentTime:2020-08-11 15:25:14.682--,java.lang.StackTraceElement.tickerPrice(HuobiQuerier.java:57):Huobi 调用:https://api-aws.huobi.pro/market/detail/merged?symbol=btcusdt接口, Huobi获取价格失败
2020-08-11 15:25:14,682 ERROR [huobi] - ---currentTime:2020-08-11 15:25:14.682--,java.lang.StackTraceElement.tickerPrice(HuobiQuerier.java:57):Huobi 调用:https://api-aws.huobi.pro/market/detail/merged?symbol=btcusdt接口, Huobi获取价格失败
2020-08-11 15:25:14,682 ERROR [huobi] - ---currentTime:2020-08-11 15:25:14.682--,java.lang.StackTraceElement.tickerPrice(HuobiQuerier.java:57):Huobi 调用:https://api-aws.huobi.pro/market/detail/merged?symbol=btcusdt接口, Huobi获取价格失败
2020-08-11 15:25:14,682 ERROR [huobi] - ---currentTime:2020-08-11 15:25:14.682--,java.lang.StackTraceElement.tickerPrice(HuobiQuerier.java:57):Huobi 调用:https://api-aws.huobi.pro/market/detail/merged?symbol=btcusdt接口, Huobi获取价格失败
2020-08-11 15:25:14,682 ERROR [huobi] - ---currentTime:2020-08-11 15:25:14.682--,java.lang.StackTraceElement.tickerPrice(HuobiQuerier.java:57):Huobi 调用:https://api-aws.huobi.pro/market/detail/merged?symbol=btcusdt接口, Huobi获取价格失败
2020-08-11 15:25:14,682 ERROR [huobi] - ---currentTime:2020-08-11 15:25:14.682--,java.lang.StackTraceElement.tickerPrice(HuobiQuerier.java:57):Huobi 调用:https://api-aws.huobi.pro/market/detail/merged?symbol=btcusdt接口, Huobi获取价格失败
2020-08-11 15:25:14,682 ERROR [huobi] - ---currentTime:2020-08-11 15:25:14.682--,java.lang.StackTraceElement.tickerPrice(HuobiQuerier.java:57):Huobi 调用:https://api-aws.huobi.pro/market/detail/merged?symbol=btcusdt接口, Huobi获取价格失败
2020-08-11 15:25:20,615 ERROR [mx] - ---currentTime:2020-08-11 15:25:20.615--,java.lang.StackTraceElement.httpRequest(HttpRequestUtil.java:36):调用接口:https://www.mxc.io/open/api/v1/data/ticker?market=BTC_USDT 异常, No route to host (Host unreachable)
2020-08-11 15:25:20,615 ERROR [mx] - ---currentTime:2020-08-11 15:25:20.615--,java.lang.StackTraceElement.httpRequest(HttpRequestUtil.java:36):调用接口:https://www.mxc.io/open/api/v1/data/ticker?market=BTC_USDT 异常, No route to host (Host unreachable)
2020-08-11 15:25:20,615 ERROR [mx] - ---currentTime:2020-08-11 15:25:20.615--,java.lang.StackTraceElement.httpRequest(HttpRequestUtil.java:36):调用接口:https://www.mxc.io/open/api/v1/data/ticker?market=BTC_USDT 异常, No route to host (Host unreachable)
2020-08-11 15:25:20,615 ERROR [mx] - ---currentTime:2020-08-11 15:25:20.615--,java.lang.StackTraceElement.httpRequest(HttpRequestUtil.java:36):调用接口:https://www.mxc.io/open/api/v1/data/ticker?market=BTC_USDT 异常, No route to host (Host unreachable)
2020-08-11 15:25:20,615 ERROR [mx] - ---currentTime:2020-08-11 15:25:20.615--,java.lang.StackTraceElement.httpRequest(HttpRequestUtil.java:36):调用接口:https://www.mxc.io/open/api/v1/data/ticker?market=BTC_USDT 异常, No route to host (Host unreachable)
2020-08-11 15:25:20,615 ERROR [mx] - ---currentTime:2020-08-11 15:25:20.615--,java.lang.StackTraceElement.httpRequest(HttpRequestUtil.java:36):调用接口:https://www.mxc.io/open/api/v1/data/ticker?market=BTC_USDT 异常, No route to host (Host unreachable)
2020-08-11 15:25:20,615 ERROR [mx] - ---currentTime:2020-08-11 15:25:20.615--,java.lang.StackTraceElement.httpRequest(HttpRequestUtil.java:36):调用接口:https://www.mxc.io/open/api/v1/data/ticker?market=BTC_USDT 异常, No route to host (Host unreachable)
2020-08-11 15:25:20,615 ERROR [mx] - ---currentTime:2020-08-11 15:25:20.615--,java.lang.StackTraceElement.httpRequest(HttpRequestUtil.java:36):调用接口:https://www.mxc.io/open/api/v1/data/ticker?market=BTC_USDT 异常, No route to host (Host unreachable)
2020-08-11 15:25:20,615 ERROR [mx] - ---currentTime:2020-08-11 15:25:20.615--,java.lang.StackTraceElement.httpRequest(HttpRequestUtil.java:36):调用接口:https://www.mxc.io/open/api/v1/data/ticker?market=BTC_USDT 异常, No route to host (Host unreachable)
2020-08-11 15:25:20,616 ERROR [mx] - ---currentTime:2020-08-11 15:25:20.616--,java.lang.StackTraceElement.tickerPrice(MxcQuerier.java:59):MXC, 调用接口 https://www.mxc.io/open/api/v1/data/ticker?market=BTC_USDT, anchorToken:BTC-USDT 获取价格失败
2020-08-11 15:25:20,616 ERROR [mx] - ---currentTime:2020-08-11 15:25:20.616--,java.lang.StackTraceElement.tickerPrice(MxcQuerier.java:59):MXC, 调用接口 https://www.mxc.io/open/api/v1/data/ticker?market=BTC_USDT, anchorToken:BTC-USDT 获取价格失败
2020-08-11 15:25:20,615 ERROR [mx] - ---currentTime:2020-08-11 15:25:20.615--,java.lang.StackTraceElement.httpRequest(HttpRequestUtil.java:36):调用接口:https://www.mxc.io/open/api/v1/data/ticker?market=BTC_USDT 异常, No route to host (Host unreachable)
2020-08-11 15:25:20,616 ERROR [mx] - ---currentTime:2020-08-11 15:25:20.616--,java.lang.StackTraceElement.tickerPrice(MxcQuerier.java:59):MXC, 调用接口 https://www.mxc.io/open/api/v1/data/ticker?market=BTC_USDT, anchorToken:BTC-USDT 获取价格失败
2020-08-11 15:25:20,616 ERROR [mx] - ---currentTime:2020-08-11 15:25:20.616--,java.lang.StackTraceElement.tickerPrice(MxcQuerier.java:59):MXC, 调用接口 https://www.mxc.io/open/api/v1/data/ticker?market=BTC_USDT, anchorToken:BTC-USDT 获取价格失败
2020-08-11 15:25:20,616 ERROR [mx] - ---currentTime:2020-08-11 15:25:20.616--,java.lang.StackTraceElement.tickerPrice(MxcQuerier.java:59):MXC, 调用接口 https://www.mxc.io/open/api/v1/data/ticker?market=BTC_USDT, anchorToken:BTC-USDT 获取价格失败
2020-08-11 15:25:20,616 ERROR [mx] - ---currentTime:2020-08-11 15:25:20.616--,java.lang.StackTraceElement.tickerPrice(MxcQuerier.java:59):MXC, 调用接口 https://www.mxc.io/open/api/v1/data/ticker?market=BTC_USDT, anchorToken:BTC-USDT 获取价格失败
2020-08-11 15:25:20,616 ERROR [mx] - ---currentTime:2020-08-11 15:25:20.616--,java.lang.StackTraceElement.tickerPrice(MxcQuerier.java:59):MXC, 调用接口 https://www.mxc.io/open/api/v1/data/ticker?market=BTC_USDT, anchorToken:BTC-USDT 获取价格失败
2020-08-11 15:25:20,616 ERROR [mx] - ---currentTime:2020-08-11 15:25:20.616--,java.lang.StackTraceElement.tickerPrice(MxcQuerier.java:59):MXC, 调用接口 https://www.mxc.io/open/api/v1/data/ticker?market=BTC_USDT, anchorToken:BTC-USDT 获取价格失败
2020-08-11 15:25:20,616 ERROR [mx] - ---currentTime:2020-08-11 15:25:20.616--,java.lang.StackTraceElement.tickerPrice(MxcQuerier.java:59):MXC, 调用接口 https://www.mxc.io/open/api/v1/data/ticker?market=BTC_USDT, anchorToken:BTC-USDT 获取价格失败
2020-08-11 15:25:20,616 ERROR [mx] - ---currentTime:2020-08-11 15:25:20.616--,java.lang.StackTraceElement.tickerPrice(MxcQuerier.java:59):MXC, 调用接口 https://www.mxc.io/open/api/v1/data/ticker?market=BTC_USDT, anchorToken:BTC-USDT 获取价格失败
2020-08-11 15:36:32,069 INFO [aex] - ---currentTime:2020-08-11 15:36:32.041--,java.lang.StackTraceElement.tickerPrice(AexQuerier.java:60):AEX 获取到交易对[BTC-USDT]价格:11744.06
2020-08-11 15:36:32,070 INFO [aex] - ---currentTime:2020-08-11 15:36:32.040--,java.lang.StackTraceElement.tickerPrice(AexQuerier.java:60):AEX 获取到交易对[BTC-USDT]价格:11744.06
2020-08-11 15:36:32,070 INFO [aex] - ---currentTime:2020-08-11 15:36:32.041--,java.lang.StackTraceElement.tickerPrice(AexQuerier.java:60):AEX 获取到交易对[BTC-USDT]价格:11744.06
2020-08-11 15:36:32,070 INFO [aex] - ---currentTime:2020-08-11 15:36:32.041--,java.lang.StackTraceElement.tickerPrice(AexQuerier.java:60):AEX 获取到交易对[BTC-USDT]价格:11744.06
2020-08-11 15:36:32,069 INFO [nvt] - ---currentTime:2020-08-11 15:36:32.041--,java.lang.StackTraceElement.tickerPrice(DexQuerier.java:66):Dex 获取到交易对[NVT-NULS]价格:0.45179473
2020-08-11 15:36:32,070 INFO [nvt] - ---currentTime:2020-08-11 15:36:32.041--,java.lang.StackTraceElement.tickerPrice(DexQuerier.java:66):Dex 获取到交易对[NVT-NULS]价格:0.45179473
2020-08-11 15:36:32,073 INFO [aex] - ---currentTime:2020-08-11 15:36:32.041--,java.lang.StackTraceElement.tickerPrice(AexQuerier.java:60):AEX 获取到交易对[BTC-USDT]价格:11744.06
2020-08-11 15:36:32,070 INFO [nvt] - ---currentTime:2020-08-11 15:36:32.041--,java.lang.StackTraceElement.tickerPrice(DexQuerier.java:66):Dex 获取到交易对[NVT-NULS]价格:0.45179473
2020-08-11 15:36:32,072 INFO [nvt] - ---currentTime:2020-08-11 15:36:32.041--,java.lang.StackTraceElement.tickerPrice(DexQuerier.java:66):Dex 获取到交易对[NVT-NULS]价格:0.45179473
2020-08-11 15:36:32,069 INFO [nvt] - ---currentTime:2020-08-11 15:36:32.041--,java.lang.StackTraceElement.tickerPrice(DexQuerier.java:66):Dex 获取到交易对[NVT-NULS]价格:0.45179473
2020-08-11 15:36:32,069 INFO [nvt] - ---currentTime:2020-08-11 15:36:32.041--,java.lang.StackTraceElement.tickerPrice(DexQuerier.java:66):Dex 获取到交易对[NVT-NULS]价格:0.45179473
2020-08-11 15:36:32,072 INFO [aex] - ---currentTime:2020-08-11 15:36:32.041--,java.lang.StackTraceElement.tickerPrice(AexQuerier.java:60):AEX 获取到交易对[BTC-USDT]价格:11744.06
2020-08-11 15:36:32,069 INFO [nvt] - ---currentTime:2020-08-11 15:36:32.041--,java.lang.StackTraceElement.tickerPrice(DexQuerier.java:66):Dex 获取到交易对[NVT-NULS]价格:0.45179473
2020-08-11 15:36:32,073 INFO [aex] - ---currentTime:2020-08-11 15:36:32.041--,java.lang.StackTraceElement.tickerPrice(AexQuerier.java:60):AEX 获取到交易对[BTC-USDT]价格:11744.06
2020-08-11 15:36:32,073 INFO [aex] - ---currentTime:2020-08-11 15:36:32.040--,java.lang.StackTraceElement.tickerPrice(AexQuerier.java:60):AEX 获取到交易对[BTC-USDT]价格:11744.06
2020-08-11 15:36:32,073 INFO [aex] - ---currentTime:2020-08-11 15:36:32.041--,java.lang.StackTraceElement.tickerPrice(AexQuerier.java:60):AEX 获取到交易对[BTC-USDT]价格:11744.06
2020-08-11 15:36:32,073 INFO [nvt] - ---currentTime:2020-08-11 15:36:32.041--,java.lang.StackTraceElement.tickerPrice(DexQuerier.java:66):Dex 获取到交易对[NVT-NULS]价格:0.45179473
2020-08-11 15:36:32,069 INFO [nvt] - ---currentTime:2020-08-11 15:36:32.041--,java.lang.StackTraceElement.tickerPrice(DexQuerier.java:66):Dex 获取到交易对[NVT-NULS]价格:0.45179473
2020-08-11 15:36:32,069 INFO [nvt] - ---currentTime:2020-08-11 15:36:32.041--,java.lang.StackTraceElement.tickerPrice(DexQuerier.java:66):Dex 获取到交易对[NVT-NULS]价格:0.45179473
2020-08-11 15:36:32,070 INFO [aex] - ---currentTime:2020-08-11 15:36:32.041--,java.lang.StackTraceElement.tickerPrice(AexQuerier.java:60):AEX 获取到交易对[BTC-USDT]价格:11744.06
2020-08-11 15:36:34,573 INFO [ok] - ---currentTime:2020-08-11 15:36:34.572--,java.lang.StackTraceElement.tickerPrice(BinanceQuerier.java:58):Binance 获取到交易对[BTCUSDT]价格:11724.92000000
2020-08-11 15:36:34,573 INFO [ok] - ---currentTime:2020-08-11 15:36:34.573--,java.lang.StackTraceElement.tickerPrice(BinanceQuerier.java:58):Binance 获取到交易对[BTCUSDT]价格:11724.92000000
2020-08-11 15:36:34,578 INFO [ok] - ---currentTime:2020-08-11 15:36:34.577--,java.lang.StackTraceElement.tickerPrice(BinanceQuerier.java:58):Binance 获取到交易对[BTCUSDT]价格:11724.92000000
2020-08-11 15:36:34,579 INFO [ok] - ---currentTime:2020-08-11 15:36:34.579--,java.lang.StackTraceElement.tickerPrice(BinanceQuerier.java:58):Binance 获取到交易对[BTCUSDT]价格:11724.92000000
2020-08-11 15:36:34,583 INFO [ok] - ---currentTime:2020-08-11 15:36:34.583--,java.lang.StackTraceElement.tickerPrice(BinanceQuerier.java:58):Binance 获取到交易对[BTCUSDT]价格:11724.92000000
2020-08-11 15:36:34,584 INFO [ok] - ---currentTime:2020-08-11 15:36:34.584--,java.lang.StackTraceElement.tickerPrice(BinanceQuerier.java:58):Binance 获取到交易对[BTCUSDT]价格:11724.92000000
2020-08-11 15:36:34,588 INFO [ok] - ---currentTime:2020-08-11 15:36:34.588--,java.lang.StackTraceElement.tickerPrice(BinanceQuerier.java:58):Binance 获取到交易对[BTCUSDT]价格:11724.92000000
2020-08-11 15:36:34,590 INFO [ok] - ---currentTime:2020-08-11 15:36:34.590--,java.lang.StackTraceElement.tickerPrice(BinanceQuerier.java:58):Binance 获取到交易对[BTCUSDT]价格:11724.92000000
2020-08-11 15:36:34,590 INFO [ok] - ---currentTime:2020-08-11 15:36:34.590--,java.lang.StackTraceElement.tickerPrice(BinanceQuerier.java:58):Binance 获取到交易对[BTCUSDT]价格:11724.92000000
2020-08-11 15:36:34,602 INFO [ok] - ---currentTime:2020-08-11 15:36:34.602--,java.lang.StackTraceElement.tickerPrice(BinanceQuerier.java:58):Binance 获取到交易对[BTCUSDT]价格:11724.92000000
2020-08-11 15:36:34,838 INFO [bitz] - ---currentTime:2020-08-11 15:36:34.838--,java.lang.StackTraceElement.tickerPrice(BitzQuerier.java:65):BitZ 获取到交易对[BTC_USDT]价格:11723.09
2020-08-11 15:36:34,849 INFO [bitz] - ---currentTime:2020-08-11 15:36:34.849--,java.lang.StackTraceElement.tickerPrice(BitzQuerier.java:65):BitZ 获取到交易对[BTC_USDT]价格:11723.09
2020-08-11 15:36:34,881 INFO [bitz] - ---currentTime:2020-08-11 15:36:34.881--,java.lang.StackTraceElement.tickerPrice(BitzQuerier.java:65):BitZ 获取到交易对[BTC_USDT]价格:11723.09
2020-08-11 15:36:35,337 INFO [bitz] - ---currentTime:2020-08-11 15:36:35.336--,java.lang.StackTraceElement.tickerPrice(BitzQuerier.java:65):BitZ 获取到交易对[BTC_USDT]价格:11724.18
2020-08-11 15:36:35,613 INFO [bitz] - ---currentTime:2020-08-11 15:36:35.613--,java.lang.StackTraceElement.tickerPrice(BitzQuerier.java:65):BitZ 获取到交易对[BTC_USDT]价格:11723.09
2020-08-11 15:36:35,622 INFO [bitz] - ---currentTime:2020-08-11 15:36:35.622--,java.lang.StackTraceElement.tickerPrice(BitzQuerier.java:65):BitZ 获取到交易对[BTC_USDT]价格:11723.09
2020-08-11 15:36:35,635 INFO [bitz] - ---currentTime:2020-08-11 15:36:35.635--,java.lang.StackTraceElement.tickerPrice(BitzQuerier.java:65):BitZ 获取到交易对[BTC_USDT]价格:11724.18
2020-08-11 15:36:35,836 INFO [bitz] - ---currentTime:2020-08-11 15:36:35.836--,java.lang.StackTraceElement.tickerPrice(BitzQuerier.java:65):BitZ 获取到交易对[BTC_USDT]价格:11724.18
2020-08-11 15:36:36,387 ERROR [huobi] - ---currentTime:2020-08-11 15:36:36.386--,java.lang.StackTraceElement.httpRequest(HttpRequestUtil.java:44):调用接口:https://api-aws.huobi.pro/market/detail/merged?symbol=btcusdt 异常, Connect to api-aws.huobi.pro:443 [api-aws.huobi.pro/31.13.80.1, api-aws.huobi.pro/2001:0:0:0:0:0:1f0d:4556] failed: No route to host (connect failed)
2020-08-11 15:36:36,387 ERROR [huobi] - ---currentTime:2020-08-11 15:36:36.386--,java.lang.StackTraceElement.httpRequest(HttpRequestUtil.java:44):调用接口:https://api-aws.huobi.pro/market/detail/merged?symbol=btcusdt 异常, Connect to api-aws.huobi.pro:443 [api-aws.huobi.pro/31.13.80.1, api-aws.huobi.pro/2001:0:0:0:0:0:1f0d:4556] failed: No route to host (connect failed)
2020-08-11 15:36:36,387 ERROR [ok] - ---currentTime:2020-08-11 15:36:36.386--,java.lang.StackTraceElement.httpRequest(HttpRequestUtil.java:44):调用接口:https://aws.okex.com/api/spot/v3/instruments/BTC-USDT/ticker 异常, Connect to aws.okex.com:443 [aws.okex.com/208.101.60.87, aws.okex.com/2001:0:0:0:0:0:45ab:ed1a] failed: No route to host (connect failed)
2020-08-11 15:36:36,387 ERROR [ok] - ---currentTime:2020-08-11 15:36:36.386--,java.lang.StackTraceElement.httpRequest(HttpRequestUtil.java:44):调用接口:https://aws.okex.com/api/spot/v3/instruments/BTC-USDT/ticker 异常, Connect to aws.okex.com:443 [aws.okex.com/208.101.60.87, aws.okex.com/2001:0:0:0:0:0:45ab:ed1a] failed: No route to host (connect failed)
2020-08-11 15:36:36,387 ERROR [ok] - ---currentTime:2020-08-11 15:36:36.386--,java.lang.StackTraceElement.httpRequest(HttpRequestUtil.java:44):调用接口:https://aws.okex.com/api/spot/v3/instruments/BTC-USDT/ticker 异常, Connect to aws.okex.com:443 [aws.okex.com/208.101.60.87, aws.okex.com/2001:0:0:0:0:0:45ab:ed1a] failed: No route to host (connect failed)
2020-08-11 15:36:36,387 ERROR [ok] - ---currentTime:2020-08-11 15:36:36.386--,java.lang.StackTraceElement.httpRequest(HttpRequestUtil.java:44):调用接口:https://aws.okex.com/api/spot/v3/instruments/BTC-USDT/ticker 异常, Connect to aws.okex.com:443 [aws.okex.com/208.101.60.87, aws.okex.com/2001:0:0:0:0:0:45ab:ed1a] failed: No route to host (connect failed)
2020-08-11 15:36:36,387 ERROR [ok] - ---currentTime:2020-08-11 15:36:36.386--,java.lang.StackTraceElement.httpRequest(HttpRequestUtil.java:44):调用接口:https://aws.okex.com/api/spot/v3/instruments/BTC-USDT/ticker 异常, Connect to aws.okex.com:443 [aws.okex.com/208.101.60.87, aws.okex.com/2001:0:0:0:0:0:45ab:ed1a] failed: No route to host (connect failed)
2020-08-11 15:36:36,387 ERROR [huobi] - ---currentTime:2020-08-11 15:36:36.386--,java.lang.StackTraceElement.httpRequest(HttpRequestUtil.java:44):调用接口:https://api-aws.huobi.pro/market/detail/merged?symbol=btcusdt 异常, Connect to api-aws.huobi.pro:443 [api-aws.huobi.pro/31.13.80.1, api-aws.huobi.pro/2001:0:0:0:0:0:1f0d:4556] failed: No route to host (connect failed)
2020-08-11 15:36:36,387 ERROR [ok] - ---currentTime:2020-08-11 15:36:36.386--,java.lang.StackTraceElement.httpRequest(HttpRequestUtil.java:44):调用接口:https://aws.okex.com/api/spot/v3/instruments/BTC-USDT/ticker 异常, Connect to aws.okex.com:443 [aws.okex.com/208.101.60.87, aws.okex.com/2001:0:0:0:0:0:45ab:ed1a] failed: No route to host (connect failed)
2020-08-11 15:36:36,387 ERROR [ok] - ---currentTime:2020-08-11 15:36:36.386--,java.lang.StackTraceElement.httpRequest(HttpRequestUtil.java:44):调用接口:https://aws.okex.com/api/spot/v3/instruments/BTC-USDT/ticker 异常, Connect to aws.okex.com:443 [aws.okex.com/208.101.60.87, aws.okex.com/2001:0:0:0:0:0:45ab:ed1a] failed: No route to host (connect failed)
2020-08-11 15:36:36,387 ERROR [ok] - ---currentTime:2020-08-11 15:36:36.386--,java.lang.StackTraceElement.httpRequest(HttpRequestUtil.java:44):调用接口:https://aws.okex.com/api/spot/v3/instruments/BTC-USDT/ticker 异常, Connect to aws.okex.com:443 [aws.okex.com/208.101.60.87, aws.okex.com/2001:0:0:0:0:0:45ab:ed1a] failed: No route to host (connect failed)
2020-08-11 15:36:36,387 ERROR [ok] - ---currentTime:2020-08-11 15:36:36.386--,java.lang.StackTraceElement.httpRequest(HttpRequestUtil.java:44):调用接口:https://aws.okex.com/api/spot/v3/instruments/BTC-USDT/ticker 异常, Connect to aws.okex.com:443 [aws.okex.com/208.101.60.87, aws.okex.com/2001:0:0:0:0:0:45ab:ed1a] failed: No route to host (connect failed)
2020-08-11 15:36:36,387 ERROR [huobi] - ---currentTime:2020-08-11 15:36:36.387--,java.lang.StackTraceElement.httpRequest(HttpRequestUtil.java:44):调用接口:https://api-aws.huobi.pro/market/detail/merged?symbol=btcusdt 异常, Connect to api-aws.huobi.pro:443 [api-aws.huobi.pro/31.13.80.1, api-aws.huobi.pro/2001:0:0:0:0:0:1f0d:4556] failed: No route to host (connect failed)
2020-08-11 15:36:36,387 ERROR [huobi] - ---currentTime:2020-08-11 15:36:36.387--,java.lang.StackTraceElement.httpRequest(HttpRequestUtil.java:44):调用接口:https://api-aws.huobi.pro/market/detail/merged?symbol=btcusdt 异常, Connect to api-aws.huobi.pro:443 [api-aws.huobi.pro/31.13.80.1, api-aws.huobi.pro/2001:0:0:0:0:0:1f0d:4556] failed: No route to host (connect failed)
2020-08-11 15:36:36,387 ERROR [huobi] - ---currentTime:2020-08-11 15:36:36.386--,java.lang.StackTraceElement.httpRequest(HttpRequestUtil.java:44):调用接口:https://api-aws.huobi.pro/market/detail/merged?symbol=btcusdt 异常, Connect to api-aws.huobi.pro:443 [api-aws.huobi.pro/31.13.80.1, api-aws.huobi.pro/2001:0:0:0:0:0:1f0d:4556] failed: No route to host (connect failed)
2020-08-11 15:36:36,387 ERROR [huobi] - ---currentTime:2020-08-11 15:36:36.386--,java.lang.StackTraceElement.httpRequest(HttpRequestUtil.java:44):调用接口:https://api-aws.huobi.pro/market/detail/merged?symbol=btcusdt 异常, Connect to api-aws.huobi.pro:443 [api-aws.huobi.pro/31.13.80.1, api-aws.huobi.pro/2001:0:0:0:0:0:1f0d:4556] failed: No route to host (connect failed)
2020-08-11 15:36:36,387 ERROR [huobi] - ---currentTime:2020-08-11 15:36:36.386--,java.lang.StackTraceElement.httpRequest(HttpRequestUtil.java:44):调用接口:https://api-aws.huobi.pro/market/detail/merged?symbol=btcusdt 异常, Connect to api-aws.huobi.pro:443 [api-aws.huobi.pro/31.13.80.1, api-aws.huobi.pro/2001:0:0:0:0:0:1f0d:4556] failed: No route to host (connect failed)
2020-08-11 15:36:36,387 ERROR [ok] - ---currentTime:2020-08-11 15:36:36.386--,java.lang.StackTraceElement.httpRequest(HttpRequestUtil.java:44):调用接口:https://aws.okex.com/api/spot/v3/instruments/BTC-USDT/ticker 异常, Connect to aws.okex.com:443 [aws.okex.com/208.101.60.87, aws.okex.com/2001:0:0:0:0:0:45ab:ed1a] failed: No route to host (connect failed)
2020-08-11 15:36:36,387 ERROR [huobi] - ---currentTime:2020-08-11 15:36:36.387--,java.lang.StackTraceElement.httpRequest(HttpRequestUtil.java:44):调用接口:https://api-aws.huobi.pro/market/detail/merged?symbol=btcusdt 异常, Connect to api-aws.huobi.pro:443 [api-aws.huobi.pro/31.13.80.1, api-aws.huobi.pro/2001:0:0:0:0:0:1f0d:4556] failed: No route to host (connect failed)
2020-08-11 15:36:36,388 ERROR [huobi] - ---currentTime:2020-08-11 15:36:36.388--,java.lang.StackTraceElement.httpRequest(HttpRequestUtil.java:44):调用接口:https://api-aws.huobi.pro/market/detail/merged?symbol=btcusdt 异常, Connect to api-aws.huobi.pro:443 [api-aws.huobi.pro/31.13.80.1, api-aws.huobi.pro/2001:0:0:0:0:0:1f0d:4556] failed: No route to host (connect failed)
2020-08-11 15:36:37,712 INFO [bitz] - ---currentTime:2020-08-11 15:36:37.711--,java.lang.StackTraceElement.tickerPrice(BitzQuerier.java:65):BitZ 获取到交易对[BTC_USDT]价格:11724.18
2020-08-11 15:36:39,336 ERROR [mx] - ---currentTime:2020-08-11 15:36:39.335--,java.lang.StackTraceElement.httpRequest(HttpRequestUtil.java:44):调用接口:https://www.mxc.io/open/api/v1/data/ticker?market=BTC_USDT 异常, Connect to www.mxc.io:443 [www.mxc.io/46.82.174.68] failed: connect timed out
2020-08-11 15:36:39,336 ERROR [mx] - ---currentTime:2020-08-11 15:36:39.335--,java.lang.StackTraceElement.httpRequest(HttpRequestUtil.java:44):调用接口:https://www.mxc.io/open/api/v1/data/ticker?market=BTC_USDT 异常, Connect to www.mxc.io:443 [www.mxc.io/46.82.174.68] failed: connect timed out
2020-08-11 15:36:39,336 ERROR [mx] - ---currentTime:2020-08-11 15:36:39.336--,java.lang.StackTraceElement.httpRequest(HttpRequestUtil.java:44):调用接口:https://www.mxc.io/open/api/v1/data/ticker?market=BTC_USDT 异常, Connect to www.mxc.io:443 [www.mxc.io/46.82.174.68] failed: connect timed out
2020-08-11 15:36:39,336 ERROR [mx] - ---currentTime:2020-08-11 15:36:39.336--,java.lang.StackTraceElement.httpRequest(HttpRequestUtil.java:44):调用接口:https://www.mxc.io/open/api/v1/data/ticker?market=BTC_USDT 异常, Connect to www.mxc.io:443 [www.mxc.io/46.82.174.68] failed: connect timed out
2020-08-11 15:36:39,336 ERROR [mx] - ---currentTime:2020-08-11 15:36:39.336--,java.lang.StackTraceElement.httpRequest(HttpRequestUtil.java:44):调用接口:https://www.mxc.io/open/api/v1/data/ticker?market=BTC_USDT 异常, Connect to www.mxc.io:443 [www.mxc.io/46.82.174.68] failed: connect timed out
2020-08-11 15:36:39,336 ERROR [mx] - ---currentTime:2020-08-11 15:36:39.336--,java.lang.StackTraceElement.httpRequest(HttpRequestUtil.java:44):调用接口:https://www.mxc.io/open/api/v1/data/ticker?market=BTC_USDT 异常, Connect to www.mxc.io:443 [www.mxc.io/46.82.174.68] failed: connect timed out
2020-08-11 15:36:39,336 ERROR [mx] - ---currentTime:2020-08-11 15:36:39.336--,java.lang.StackTraceElement.httpRequest(HttpRequestUtil.java:44):调用接口:https://www.mxc.io/open/api/v1/data/ticker?market=BTC_USDT 异常, Connect to www.mxc.io:443 [www.mxc.io/46.82.174.68] failed: connect timed out
2020-08-11 15:36:39,336 ERROR [mx] - ---currentTime:2020-08-11 15:36:39.336--,java.lang.StackTraceElement.httpRequest(HttpRequestUtil.java:44):调用接口:https://www.mxc.io/open/api/v1/data/ticker?market=BTC_USDT 异常, Connect to www.mxc.io:443 [www.mxc.io/46.82.174.68] failed: connect timed out
2020-08-11 15:36:39,336 ERROR [mx] - ---currentTime:2020-08-11 15:36:39.336--,java.lang.StackTraceElement.httpRequest(HttpRequestUtil.java:44):调用接口:https://www.mxc.io/open/api/v1/data/ticker?market=BTC_USDT 异常, Connect to www.mxc.io:443 [www.mxc.io/46.82.174.68] failed: connect timed out
2020-08-11 15:36:39,336 ERROR [mx] - ---currentTime:2020-08-11 15:36:39.336--,java.lang.StackTraceElement.httpRequest(HttpRequestUtil.java:44):调用接口:https://www.mxc.io/open/api/v1/data/ticker?market=BTC_USDT 异常, Connect to www.mxc.io:443 [www.mxc.io/46.82.174.68] failed: connect timed out
2020-08-11 15:36:39,991 INFO [bitz] - ---currentTime:2020-08-11 15:36:39.990--,java.lang.StackTraceElement.tickerPrice(BitzQuerier.java:65):BitZ 获取到交易对[BTC_USDT]价格:11724.64
