2023-12-19 13:36:03,124 INFO [main] - ---currentTime:2023-12-19 13:36:03.108--,java.lang.StackTraceElement.initClass(Base.java:76):init
2023-12-19 13:36:06,180 WARN [main] - ---currentTime:2023-12-19 13:36:06.180--,java.lang.StackTraceElement.timeOutWrapperFunctionReal(HtgWalletApi.java:903):API连接异常. ERROR: err_0023
2023-12-19 13:36:08,550 ERROR [main] - ---currentTime:2023-12-19 13:36:08.546--,java.lang.StackTraceElement.timeOutWrapperFunctionReal(HtgWalletApi.java:951):err_0023:NulsException -code: [err_0023], -msg: err_0023;nonce too low: address 0xd87F2ad3EF011817319FD25454FC186CA71B3B56 current nonce (371) > tx nonce (43)
io.nuls.core.exception.NulsException: err_0023
	at network.nerve.converter.heterogeneouschain.lib.core.HtgWalletApi.lambda$callContract$12(HtgWalletApi.java:789)
	at network.nerve.converter.heterogeneouschain.lib.core.HtgWalletApi.timeOutWrapperFunctionReal(HtgWalletApi.java:883)
	at network.nerve.converter.heterogeneouschain.lib.core.HtgWalletApi.timeOutWrapperFunction(HtgWalletApi.java:877)
	at network.nerve.converter.heterogeneouschain.lib.core.HtgWalletApi.callContract(HtgWalletApi.java:755)
	at network.nerve.converter.heterogeneouschain.avax.base.Base.sendTx(Base.java:130)
	at network.nerve.converter.heterogeneouschain.avax.base.Base.sendTx(Base.java:106)
	at network.nerve.converter.heterogeneouschain.avax.base.Base.sendMainAssetWithdrawBySignData(Base.java:143)
	at network.nerve.converter.heterogeneouschain.avax.core.AvaxWalletApiTest.sendMainAssetWithdrawBySignDataTest(AvaxWalletApiTest.java:698)
	at java.base/jdk.internal.reflect.NativeMethodAccessorImpl.invoke0(Native Method)
	at java.base/jdk.internal.reflect.NativeMethodAccessorImpl.invoke(NativeMethodAccessorImpl.java:62)
	at java.base/jdk.internal.reflect.DelegatingMethodAccessorImpl.invoke(DelegatingMethodAccessorImpl.java:43)
	at java.base/java.lang.reflect.Method.invoke(Method.java:566)
	at org.junit.runners.model.FrameworkMethod$1.runReflectiveCall(FrameworkMethod.java:59)
	at org.junit.internal.runners.model.ReflectiveCallable.run(ReflectiveCallable.java:12)
	at org.junit.runners.model.FrameworkMethod.invokeExplosively(FrameworkMethod.java:56)
	at org.junit.internal.runners.statements.InvokeMethod.evaluate(InvokeMethod.java:17)
	at org.junit.internal.runners.statements.RunBefores.evaluate(RunBefores.java:26)
	at org.junit.runners.ParentRunner$3.evaluate(ParentRunner.java:306)
	at org.junit.runners.BlockJUnit4ClassRunner$1.evaluate(BlockJUnit4ClassRunner.java:100)
	at org.junit.runners.ParentRunner.runLeaf(ParentRunner.java:366)
	at org.junit.runners.BlockJUnit4ClassRunner.runChild(BlockJUnit4ClassRunner.java:103)
	at org.junit.runners.BlockJUnit4ClassRunner.runChild(BlockJUnit4ClassRunner.java:63)
	at org.junit.runners.ParentRunner$4.run(ParentRunner.java:331)
	at org.junit.runners.ParentRunner$1.schedule(ParentRunner.java:79)
	at org.junit.runners.ParentRunner.runChildren(ParentRunner.java:329)
	at org.junit.runners.ParentRunner.access$100(ParentRunner.java:66)
	at org.junit.runners.ParentRunner$2.evaluate(ParentRunner.java:293)
	at org.junit.internal.runners.statements.RunBefores.evaluate(RunBefores.java:26)
	at org.junit.runners.ParentRunner$3.evaluate(ParentRunner.java:306)
	at org.junit.runners.ParentRunner.run(ParentRunner.java:413)
	at org.junit.runner.JUnitCore.run(JUnitCore.java:137)
	at com.intellij.junit4.JUnit4IdeaTestRunner.startRunnerWithArgs(JUnit4IdeaTestRunner.java:69)
	at com.intellij.rt.junit.IdeaTestRunner$Repeater$1.execute(IdeaTestRunner.java:38)
	at com.intellij.rt.execution.junit.TestsRepeater.repeat(TestsRepeater.java:11)
	at com.intellij.rt.junit.IdeaTestRunner$Repeater.startRunnerWithArgs(IdeaTestRunner.java:35)
	at com.intellij.rt.junit.JUnitStarter.prepareStreamsAndStart(JUnitStarter.java:232)
	at com.intellij.rt.junit.JUnitStarter.main(JUnitStarter.java:55)
2023-12-19 13:43:11,988 INFO [main] - ---currentTime:2023-12-19 13:43:11.976--,java.lang.StackTraceElement.initClass(Base.java:76):init
2023-12-19 13:49:04,281 INFO [main] - ---currentTime:2023-12-19 13:49:04.271--,java.lang.StackTraceElement.initClass(Base.java:76):init
