2021-01-07 11:39:37,971 INFO [main] - ---currentTime:2021-01-07 11:39:37.960--,java.lang.StackTraceElement.initClass(Base.java:44):init
2021-01-07 12:05:14,291 INFO [main] - ---currentTime:2021-01-07 12:05:14.279--,java.lang.StackTraceElement.initClass(Base.java:44):init
2021-01-07 12:06:56,117 INFO [main] - ---currentTime:2021-01-07 12:06:56.107--,java.lang.StackTraceElement.initClass(Base.java:44):init
2021-01-07 12:07:27,014 ERROR [main] - ---currentTime:2021-01-07 12:07:27.011--,java.lang.StackTraceElement.timeOutWrapperFunctionReal(ETHWalletApi.java:937):geth.nerve.network: nodename nor servname provided, or not known
java.net.UnknownHostException: geth.nerve.network: nodename nor servname provided, or not known
	at java.base/java.net.Inet6AddressImpl.lookupAllHostAddr(Native Method)
	at java.base/java.net.InetAddress$PlatformNameService.lookupAllHostAddr(InetAddress.java:929)
	at java.base/java.net.InetAddress.getAddressesFromNameService(InetAddress.java:1515)
	at java.base/java.net.InetAddress$NameServiceAddresses.get(InetAddress.java:848)
	at java.base/java.net.InetAddress.getAllByName0(InetAddress.java:1505)
	at java.base/java.net.InetAddress.getAllByName(InetAddress.java:1364)
	at java.base/java.net.InetAddress.getAllByName(InetAddress.java:1298)
	at okhttp3.Dns$Companion$DnsSystem.lookup(Dns.kt:49)
	at okhttp3.internal.connection.RouteSelector.resetNextInetSocketAddress(RouteSelector.kt:160)
	at okhttp3.internal.connection.RouteSelector.nextProxy(RouteSelector.kt:125)
	at okhttp3.internal.connection.RouteSelector.next(RouteSelector.kt:71)
	at okhttp3.internal.connection.ExchangeFinder.findConnection(ExchangeFinder.kt:201)
	at okhttp3.internal.connection.ExchangeFinder.findHealthyConnection(ExchangeFinder.kt:111)
	at okhttp3.internal.connection.ExchangeFinder.find(ExchangeFinder.kt:79)
	at okhttp3.internal.connection.Transmitter.newExchange$okhttp(Transmitter.kt:163)
	at okhttp3.internal.connection.ConnectInterceptor.intercept(ConnectInterceptor.kt:35)
	at okhttp3.internal.http.RealInterceptorChain.proceed(RealInterceptorChain.kt:112)
	at okhttp3.internal.http.RealInterceptorChain.proceed(RealInterceptorChain.kt:87)
	at okhttp3.internal.cache.CacheInterceptor.intercept(CacheInterceptor.kt:82)
	at okhttp3.internal.http.RealInterceptorChain.proceed(RealInterceptorChain.kt:112)
	at okhttp3.internal.http.RealInterceptorChain.proceed(RealInterceptorChain.kt:87)
	at okhttp3.internal.http.BridgeInterceptor.intercept(BridgeInterceptor.kt:84)
	at okhttp3.internal.http.RealInterceptorChain.proceed(RealInterceptorChain.kt:112)
	at okhttp3.internal.http.RetryAndFollowUpInterceptor.intercept(RetryAndFollowUpInterceptor.kt:71)
	at okhttp3.internal.http.RealInterceptorChain.proceed(RealInterceptorChain.kt:112)
	at okhttp3.internal.http.RealInterceptorChain.proceed(RealInterceptorChain.kt:87)
	at okhttp3.logging.HttpLoggingInterceptor.intercept(HttpLoggingInterceptor.kt:219)
	at okhttp3.internal.http.RealInterceptorChain.proceed(RealInterceptorChain.kt:112)
	at okhttp3.internal.http.RealInterceptorChain.proceed(RealInterceptorChain.kt:87)
	at okhttp3.RealCall.getResponseWithInterceptorChain(RealCall.kt:194)
	at okhttp3.RealCall.execute(RealCall.kt:67)
	at org.web3j.protocol.http.HttpService.performIO(HttpService.java:160)
	at org.web3j.protocol.Service.send(Service.java:48)
	at org.web3j.protocol.core.Request.send(Request.java:87)
	at network.nerve.converter.heterogeneouschain.eth.core.ETHWalletApi.lambda$sendETHWithNonce$6(ETHWalletApi.java:540)
	at network.nerve.converter.heterogeneouschain.eth.core.ETHWalletApi.timeOutWrapperFunctionReal(ETHWalletApi.java:885)
	at network.nerve.converter.heterogeneouschain.eth.core.ETHWalletApi.timeOutWrapperFunction(ETHWalletApi.java:879)
	at network.nerve.converter.heterogeneouschain.eth.core.ETHWalletApi.sendETHWithNonce(ETHWalletApi.java:525)
	at network.nerve.converter.heterogeneouschain.eth.core.ETHWalletApiTest.overrideOneTest(ETHWalletApiTest.java:721)
	at java.base/jdk.internal.reflect.NativeMethodAccessorImpl.invoke0(Native Method)
	at java.base/jdk.internal.reflect.NativeMethodAccessorImpl.invoke(NativeMethodAccessorImpl.java:62)
	at java.base/jdk.internal.reflect.DelegatingMethodAccessorImpl.invoke(DelegatingMethodAccessorImpl.java:43)
	at java.base/java.lang.reflect.Method.invoke(Method.java:566)
	at org.junit.runners.model.FrameworkMethod$1.runReflectiveCall(FrameworkMethod.java:59)
	at org.junit.internal.runners.model.ReflectiveCallable.run(ReflectiveCallable.java:12)
	at org.junit.runners.model.FrameworkMethod.invokeExplosively(FrameworkMethod.java:56)
	at org.junit.internal.runners.statements.InvokeMethod.evaluate(InvokeMethod.java:17)
	at org.junit.internal.runners.statements.RunBefores.evaluate(RunBefores.java:26)
	at org.junit.runners.ParentRunner$3.evaluate(ParentRunner.java:306)
	at org.junit.runners.BlockJUnit4ClassRunner$1.evaluate(BlockJUnit4ClassRunner.java:100)
	at org.junit.runners.ParentRunner.runLeaf(ParentRunner.java:366)
	at org.junit.runners.BlockJUnit4ClassRunner.runChild(BlockJUnit4ClassRunner.java:103)
	at org.junit.runners.BlockJUnit4ClassRunner.runChild(BlockJUnit4ClassRunner.java:63)
	at org.junit.runners.ParentRunner$4.run(ParentRunner.java:331)
	at org.junit.runners.ParentRunner$1.schedule(ParentRunner.java:79)
	at org.junit.runners.ParentRunner.runChildren(ParentRunner.java:329)
	at org.junit.runners.ParentRunner.access$100(ParentRunner.java:66)
	at org.junit.runners.ParentRunner$2.evaluate(ParentRunner.java:293)
	at org.junit.internal.runners.statements.RunBefores.evaluate(RunBefores.java:26)
	at org.junit.runners.ParentRunner$3.evaluate(ParentRunner.java:306)
	at org.junit.runners.ParentRunner.run(ParentRunner.java:413)
	at org.junit.runner.JUnitCore.run(JUnitCore.java:137)
	at com.intellij.junit4.JUnit4IdeaTestRunner.startRunnerWithArgs(JUnit4IdeaTestRunner.java:69)
	at com.intellij.rt.junit.IdeaTestRunner$Repeater.startRunnerWithArgs(IdeaTestRunner.java:33)
	at com.intellij.rt.junit.JUnitStarter.prepareStreamsAndStart(JUnitStarter.java:220)
	at com.intellij.rt.junit.JUnitStarter.main(JUnitStarter.java:53)
2021-01-07 12:07:42,321 INFO [main] - ---currentTime:2021-01-07 12:07:42.312--,java.lang.StackTraceElement.initClass(Base.java:44):init
2021-01-07 12:08:13,248 ERROR [main] - ---currentTime:2021-01-07 12:08:13.245--,java.lang.StackTraceElement.timeOutWrapperFunctionReal(ETHWalletApi.java:937):geth.nerve.network: nodename nor servname provided, or not known
java.net.UnknownHostException: geth.nerve.network: nodename nor servname provided, or not known
	at java.base/java.net.Inet6AddressImpl.lookupAllHostAddr(Native Method)
	at java.base/java.net.InetAddress$PlatformNameService.lookupAllHostAddr(InetAddress.java:929)
	at java.base/java.net.InetAddress.getAddressesFromNameService(InetAddress.java:1515)
	at java.base/java.net.InetAddress$NameServiceAddresses.get(InetAddress.java:848)
	at java.base/java.net.InetAddress.getAllByName0(InetAddress.java:1505)
	at java.base/java.net.InetAddress.getAllByName(InetAddress.java:1364)
	at java.base/java.net.InetAddress.getAllByName(InetAddress.java:1298)
	at okhttp3.Dns$Companion$DnsSystem.lookup(Dns.kt:49)
	at okhttp3.internal.connection.RouteSelector.resetNextInetSocketAddress(RouteSelector.kt:160)
	at okhttp3.internal.connection.RouteSelector.nextProxy(RouteSelector.kt:125)
	at okhttp3.internal.connection.RouteSelector.next(RouteSelector.kt:71)
	at okhttp3.internal.connection.ExchangeFinder.findConnection(ExchangeFinder.kt:201)
	at okhttp3.internal.connection.ExchangeFinder.findHealthyConnection(ExchangeFinder.kt:111)
	at okhttp3.internal.connection.ExchangeFinder.find(ExchangeFinder.kt:79)
	at okhttp3.internal.connection.Transmitter.newExchange$okhttp(Transmitter.kt:163)
	at okhttp3.internal.connection.ConnectInterceptor.intercept(ConnectInterceptor.kt:35)
	at okhttp3.internal.http.RealInterceptorChain.proceed(RealInterceptorChain.kt:112)
	at okhttp3.internal.http.RealInterceptorChain.proceed(RealInterceptorChain.kt:87)
	at okhttp3.internal.cache.CacheInterceptor.intercept(CacheInterceptor.kt:82)
	at okhttp3.internal.http.RealInterceptorChain.proceed(RealInterceptorChain.kt:112)
	at okhttp3.internal.http.RealInterceptorChain.proceed(RealInterceptorChain.kt:87)
	at okhttp3.internal.http.BridgeInterceptor.intercept(BridgeInterceptor.kt:84)
	at okhttp3.internal.http.RealInterceptorChain.proceed(RealInterceptorChain.kt:112)
	at okhttp3.internal.http.RetryAndFollowUpInterceptor.intercept(RetryAndFollowUpInterceptor.kt:71)
	at okhttp3.internal.http.RealInterceptorChain.proceed(RealInterceptorChain.kt:112)
	at okhttp3.internal.http.RealInterceptorChain.proceed(RealInterceptorChain.kt:87)
	at okhttp3.logging.HttpLoggingInterceptor.intercept(HttpLoggingInterceptor.kt:219)
	at okhttp3.internal.http.RealInterceptorChain.proceed(RealInterceptorChain.kt:112)
	at okhttp3.internal.http.RealInterceptorChain.proceed(RealInterceptorChain.kt:87)
	at okhttp3.RealCall.getResponseWithInterceptorChain(RealCall.kt:194)
	at okhttp3.RealCall.execute(RealCall.kt:67)
	at org.web3j.protocol.http.HttpService.performIO(HttpService.java:160)
	at org.web3j.protocol.Service.send(Service.java:48)
	at org.web3j.protocol.core.Request.send(Request.java:87)
	at network.nerve.converter.heterogeneouschain.eth.core.ETHWalletApi.lambda$sendETHWithNonce$6(ETHWalletApi.java:540)
	at network.nerve.converter.heterogeneouschain.eth.core.ETHWalletApi.timeOutWrapperFunctionReal(ETHWalletApi.java:885)
	at network.nerve.converter.heterogeneouschain.eth.core.ETHWalletApi.timeOutWrapperFunction(ETHWalletApi.java:879)
	at network.nerve.converter.heterogeneouschain.eth.core.ETHWalletApi.sendETHWithNonce(ETHWalletApi.java:525)
	at network.nerve.converter.heterogeneouschain.eth.core.ETHWalletApiTest.overrideOneTest(ETHWalletApiTest.java:721)
	at java.base/jdk.internal.reflect.NativeMethodAccessorImpl.invoke0(Native Method)
	at java.base/jdk.internal.reflect.NativeMethodAccessorImpl.invoke(NativeMethodAccessorImpl.java:62)
	at java.base/jdk.internal.reflect.DelegatingMethodAccessorImpl.invoke(DelegatingMethodAccessorImpl.java:43)
	at java.base/java.lang.reflect.Method.invoke(Method.java:566)
	at org.junit.runners.model.FrameworkMethod$1.runReflectiveCall(FrameworkMethod.java:59)
	at org.junit.internal.runners.model.ReflectiveCallable.run(ReflectiveCallable.java:12)
	at org.junit.runners.model.FrameworkMethod.invokeExplosively(FrameworkMethod.java:56)
	at org.junit.internal.runners.statements.InvokeMethod.evaluate(InvokeMethod.java:17)
	at org.junit.internal.runners.statements.RunBefores.evaluate(RunBefores.java:26)
	at org.junit.runners.ParentRunner$3.evaluate(ParentRunner.java:306)
	at org.junit.runners.BlockJUnit4ClassRunner$1.evaluate(BlockJUnit4ClassRunner.java:100)
	at org.junit.runners.ParentRunner.runLeaf(ParentRunner.java:366)
	at org.junit.runners.BlockJUnit4ClassRunner.runChild(BlockJUnit4ClassRunner.java:103)
	at org.junit.runners.BlockJUnit4ClassRunner.runChild(BlockJUnit4ClassRunner.java:63)
	at org.junit.runners.ParentRunner$4.run(ParentRunner.java:331)
	at org.junit.runners.ParentRunner$1.schedule(ParentRunner.java:79)
	at org.junit.runners.ParentRunner.runChildren(ParentRunner.java:329)
	at org.junit.runners.ParentRunner.access$100(ParentRunner.java:66)
	at org.junit.runners.ParentRunner$2.evaluate(ParentRunner.java:293)
	at org.junit.internal.runners.statements.RunBefores.evaluate(RunBefores.java:26)
	at org.junit.runners.ParentRunner$3.evaluate(ParentRunner.java:306)
	at org.junit.runners.ParentRunner.run(ParentRunner.java:413)
	at org.junit.runner.JUnitCore.run(JUnitCore.java:137)
	at com.intellij.junit4.JUnit4IdeaTestRunner.startRunnerWithArgs(JUnit4IdeaTestRunner.java:69)
	at com.intellij.rt.junit.IdeaTestRunner$Repeater.startRunnerWithArgs(IdeaTestRunner.java:33)
	at com.intellij.rt.junit.JUnitStarter.prepareStreamsAndStart(JUnitStarter.java:220)
	at com.intellij.rt.junit.JUnitStarter.main(JUnitStarter.java:53)
2021-01-07 12:08:29,059 INFO [main] - ---currentTime:2021-01-07 12:08:29.050--,java.lang.StackTraceElement.initClass(Base.java:44):init
2021-01-07 12:10:14,568 INFO [main] - ---currentTime:2021-01-07 12:10:14.559--,java.lang.StackTraceElement.initClass(Base.java:44):init
2021-01-07 12:12:36,696 INFO [main] - ---currentTime:2021-01-07 12:12:36.683--,java.lang.StackTraceElement.initClass(Base.java:44):init
2021-01-07 12:17:01,169 INFO [main] - ---currentTime:2021-01-07 12:17:01.158--,java.lang.StackTraceElement.initClass(Base.java:44):init
2021-01-07 13:25:26,438 INFO [main] - ---currentTime:2021-01-07 13:25:26.429--,java.lang.StackTraceElement.initClass(Base.java:44):init
2021-01-07 13:25:58,225 INFO [main] - ---currentTime:2021-01-07 13:25:58.216--,java.lang.StackTraceElement.initClass(Base.java:44):init
2021-01-07 13:26:20,972 INFO [main] - ---currentTime:2021-01-07 13:26:20.962--,java.lang.StackTraceElement.initClass(Base.java:44):init
2021-01-07 13:27:04,898 INFO [main] - ---currentTime:2021-01-07 13:27:04.890--,java.lang.StackTraceElement.initClass(Base.java:44):init
2021-01-07 13:27:38,334 ERROR [main] - ---currentTime:2021-01-07 13:27:38.330--,java.lang.StackTraceElement.timeOutWrapperFunctionReal(ETHWalletApi.java:937):geth.nerve.network: nodename nor servname provided, or not known
java.net.UnknownHostException: geth.nerve.network: nodename nor servname provided, or not known
	at java.base/java.net.Inet6AddressImpl.lookupAllHostAddr(Native Method)
	at java.base/java.net.InetAddress$PlatformNameService.lookupAllHostAddr(InetAddress.java:929)
	at java.base/java.net.InetAddress.getAddressesFromNameService(InetAddress.java:1515)
	at java.base/java.net.InetAddress$NameServiceAddresses.get(InetAddress.java:848)
	at java.base/java.net.InetAddress.getAllByName0(InetAddress.java:1505)
	at java.base/java.net.InetAddress.getAllByName(InetAddress.java:1364)
	at java.base/java.net.InetAddress.getAllByName(InetAddress.java:1298)
	at okhttp3.Dns$Companion$DnsSystem.lookup(Dns.kt:49)
	at okhttp3.internal.connection.RouteSelector.resetNextInetSocketAddress(RouteSelector.kt:160)
	at okhttp3.internal.connection.RouteSelector.nextProxy(RouteSelector.kt:125)
	at okhttp3.internal.connection.RouteSelector.next(RouteSelector.kt:71)
	at okhttp3.internal.connection.ExchangeFinder.findConnection(ExchangeFinder.kt:201)
	at okhttp3.internal.connection.ExchangeFinder.findHealthyConnection(ExchangeFinder.kt:111)
	at okhttp3.internal.connection.ExchangeFinder.find(ExchangeFinder.kt:79)
	at okhttp3.internal.connection.Transmitter.newExchange$okhttp(Transmitter.kt:163)
	at okhttp3.internal.connection.ConnectInterceptor.intercept(ConnectInterceptor.kt:35)
	at okhttp3.internal.http.RealInterceptorChain.proceed(RealInterceptorChain.kt:112)
	at okhttp3.internal.http.RealInterceptorChain.proceed(RealInterceptorChain.kt:87)
	at okhttp3.internal.cache.CacheInterceptor.intercept(CacheInterceptor.kt:82)
	at okhttp3.internal.http.RealInterceptorChain.proceed(RealInterceptorChain.kt:112)
	at okhttp3.internal.http.RealInterceptorChain.proceed(RealInterceptorChain.kt:87)
	at okhttp3.internal.http.BridgeInterceptor.intercept(BridgeInterceptor.kt:84)
	at okhttp3.internal.http.RealInterceptorChain.proceed(RealInterceptorChain.kt:112)
	at okhttp3.internal.http.RetryAndFollowUpInterceptor.intercept(RetryAndFollowUpInterceptor.kt:71)
	at okhttp3.internal.http.RealInterceptorChain.proceed(RealInterceptorChain.kt:112)
	at okhttp3.internal.http.RealInterceptorChain.proceed(RealInterceptorChain.kt:87)
	at okhttp3.logging.HttpLoggingInterceptor.intercept(HttpLoggingInterceptor.kt:219)
	at okhttp3.internal.http.RealInterceptorChain.proceed(RealInterceptorChain.kt:112)
	at okhttp3.internal.http.RealInterceptorChain.proceed(RealInterceptorChain.kt:87)
	at okhttp3.RealCall.getResponseWithInterceptorChain(RealCall.kt:194)
	at okhttp3.RealCall.execute(RealCall.kt:67)
	at org.web3j.protocol.http.HttpService.performIO(HttpService.java:160)
	at org.web3j.protocol.Service.send(Service.java:48)
	at org.web3j.protocol.core.Request.send(Request.java:87)
	at network.nerve.converter.heterogeneouschain.eth.core.ETHWalletApi.lambda$sendETHWithNonce$6(ETHWalletApi.java:540)
	at network.nerve.converter.heterogeneouschain.eth.core.ETHWalletApi.timeOutWrapperFunctionReal(ETHWalletApi.java:885)
	at network.nerve.converter.heterogeneouschain.eth.core.ETHWalletApi.timeOutWrapperFunction(ETHWalletApi.java:879)
	at network.nerve.converter.heterogeneouschain.eth.core.ETHWalletApi.sendETHWithNonce(ETHWalletApi.java:525)
	at network.nerve.converter.heterogeneouschain.eth.core.ETHWalletApiTest.overrideOneTest(ETHWalletApiTest.java:721)
	at java.base/jdk.internal.reflect.NativeMethodAccessorImpl.invoke0(Native Method)
	at java.base/jdk.internal.reflect.NativeMethodAccessorImpl.invoke(NativeMethodAccessorImpl.java:62)
	at java.base/jdk.internal.reflect.DelegatingMethodAccessorImpl.invoke(DelegatingMethodAccessorImpl.java:43)
	at java.base/java.lang.reflect.Method.invoke(Method.java:566)
	at org.junit.runners.model.FrameworkMethod$1.runReflectiveCall(FrameworkMethod.java:59)
	at org.junit.internal.runners.model.ReflectiveCallable.run(ReflectiveCallable.java:12)
	at org.junit.runners.model.FrameworkMethod.invokeExplosively(FrameworkMethod.java:56)
	at org.junit.internal.runners.statements.InvokeMethod.evaluate(InvokeMethod.java:17)
	at org.junit.internal.runners.statements.RunBefores.evaluate(RunBefores.java:26)
	at org.junit.runners.ParentRunner$3.evaluate(ParentRunner.java:306)
	at org.junit.runners.BlockJUnit4ClassRunner$1.evaluate(BlockJUnit4ClassRunner.java:100)
	at org.junit.runners.ParentRunner.runLeaf(ParentRunner.java:366)
	at org.junit.runners.BlockJUnit4ClassRunner.runChild(BlockJUnit4ClassRunner.java:103)
	at org.junit.runners.BlockJUnit4ClassRunner.runChild(BlockJUnit4ClassRunner.java:63)
	at org.junit.runners.ParentRunner$4.run(ParentRunner.java:331)
	at org.junit.runners.ParentRunner$1.schedule(ParentRunner.java:79)
	at org.junit.runners.ParentRunner.runChildren(ParentRunner.java:329)
	at org.junit.runners.ParentRunner.access$100(ParentRunner.java:66)
	at org.junit.runners.ParentRunner$2.evaluate(ParentRunner.java:293)
	at org.junit.internal.runners.statements.RunBefores.evaluate(RunBefores.java:26)
	at org.junit.runners.ParentRunner$3.evaluate(ParentRunner.java:306)
	at org.junit.runners.ParentRunner.run(ParentRunner.java:413)
	at org.junit.runner.JUnitCore.run(JUnitCore.java:137)
	at com.intellij.junit4.JUnit4IdeaTestRunner.startRunnerWithArgs(JUnit4IdeaTestRunner.java:69)
	at com.intellij.rt.junit.IdeaTestRunner$Repeater.startRunnerWithArgs(IdeaTestRunner.java:33)
	at com.intellij.rt.junit.JUnitStarter.prepareStreamsAndStart(JUnitStarter.java:220)
	at com.intellij.rt.junit.JUnitStarter.main(JUnitStarter.java:53)
2021-01-07 13:27:43,044 INFO [main] - ---currentTime:2021-01-07 13:27:43.036--,java.lang.StackTraceElement.initClass(Base.java:44):init
2021-01-07 13:28:14,042 ERROR [main] - ---currentTime:2021-01-07 13:28:14.039--,java.lang.StackTraceElement.timeOutWrapperFunctionReal(ETHWalletApi.java:937):geth.nerve.network: nodename nor servname provided, or not known
java.net.UnknownHostException: geth.nerve.network: nodename nor servname provided, or not known
	at java.base/java.net.Inet6AddressImpl.lookupAllHostAddr(Native Method)
	at java.base/java.net.InetAddress$PlatformNameService.lookupAllHostAddr(InetAddress.java:929)
	at java.base/java.net.InetAddress.getAddressesFromNameService(InetAddress.java:1515)
	at java.base/java.net.InetAddress$NameServiceAddresses.get(InetAddress.java:848)
	at java.base/java.net.InetAddress.getAllByName0(InetAddress.java:1505)
	at java.base/java.net.InetAddress.getAllByName(InetAddress.java:1364)
	at java.base/java.net.InetAddress.getAllByName(InetAddress.java:1298)
	at okhttp3.Dns$Companion$DnsSystem.lookup(Dns.kt:49)
	at okhttp3.internal.connection.RouteSelector.resetNextInetSocketAddress(RouteSelector.kt:160)
	at okhttp3.internal.connection.RouteSelector.nextProxy(RouteSelector.kt:125)
	at okhttp3.internal.connection.RouteSelector.next(RouteSelector.kt:71)
	at okhttp3.internal.connection.ExchangeFinder.findConnection(ExchangeFinder.kt:201)
	at okhttp3.internal.connection.ExchangeFinder.findHealthyConnection(ExchangeFinder.kt:111)
	at okhttp3.internal.connection.ExchangeFinder.find(ExchangeFinder.kt:79)
	at okhttp3.internal.connection.Transmitter.newExchange$okhttp(Transmitter.kt:163)
	at okhttp3.internal.connection.ConnectInterceptor.intercept(ConnectInterceptor.kt:35)
	at okhttp3.internal.http.RealInterceptorChain.proceed(RealInterceptorChain.kt:112)
	at okhttp3.internal.http.RealInterceptorChain.proceed(RealInterceptorChain.kt:87)
	at okhttp3.internal.cache.CacheInterceptor.intercept(CacheInterceptor.kt:82)
	at okhttp3.internal.http.RealInterceptorChain.proceed(RealInterceptorChain.kt:112)
	at okhttp3.internal.http.RealInterceptorChain.proceed(RealInterceptorChain.kt:87)
	at okhttp3.internal.http.BridgeInterceptor.intercept(BridgeInterceptor.kt:84)
	at okhttp3.internal.http.RealInterceptorChain.proceed(RealInterceptorChain.kt:112)
	at okhttp3.internal.http.RetryAndFollowUpInterceptor.intercept(RetryAndFollowUpInterceptor.kt:71)
	at okhttp3.internal.http.RealInterceptorChain.proceed(RealInterceptorChain.kt:112)
	at okhttp3.internal.http.RealInterceptorChain.proceed(RealInterceptorChain.kt:87)
	at okhttp3.logging.HttpLoggingInterceptor.intercept(HttpLoggingInterceptor.kt:219)
	at okhttp3.internal.http.RealInterceptorChain.proceed(RealInterceptorChain.kt:112)
	at okhttp3.internal.http.RealInterceptorChain.proceed(RealInterceptorChain.kt:87)
	at okhttp3.RealCall.getResponseWithInterceptorChain(RealCall.kt:194)
	at okhttp3.RealCall.execute(RealCall.kt:67)
	at org.web3j.protocol.http.HttpService.performIO(HttpService.java:160)
	at org.web3j.protocol.Service.send(Service.java:48)
	at org.web3j.protocol.core.Request.send(Request.java:87)
	at network.nerve.converter.heterogeneouschain.eth.core.ETHWalletApi.lambda$sendETHWithNonce$6(ETHWalletApi.java:540)
	at network.nerve.converter.heterogeneouschain.eth.core.ETHWalletApi.timeOutWrapperFunctionReal(ETHWalletApi.java:885)
	at network.nerve.converter.heterogeneouschain.eth.core.ETHWalletApi.timeOutWrapperFunction(ETHWalletApi.java:879)
	at network.nerve.converter.heterogeneouschain.eth.core.ETHWalletApi.sendETHWithNonce(ETHWalletApi.java:525)
	at network.nerve.converter.heterogeneouschain.eth.core.ETHWalletApiTest.overrideOneTest(ETHWalletApiTest.java:721)
	at java.base/jdk.internal.reflect.NativeMethodAccessorImpl.invoke0(Native Method)
	at java.base/jdk.internal.reflect.NativeMethodAccessorImpl.invoke(NativeMethodAccessorImpl.java:62)
	at java.base/jdk.internal.reflect.DelegatingMethodAccessorImpl.invoke(DelegatingMethodAccessorImpl.java:43)
	at java.base/java.lang.reflect.Method.invoke(Method.java:566)
	at org.junit.runners.model.FrameworkMethod$1.runReflectiveCall(FrameworkMethod.java:59)
	at org.junit.internal.runners.model.ReflectiveCallable.run(ReflectiveCallable.java:12)
	at org.junit.runners.model.FrameworkMethod.invokeExplosively(FrameworkMethod.java:56)
	at org.junit.internal.runners.statements.InvokeMethod.evaluate(InvokeMethod.java:17)
	at org.junit.internal.runners.statements.RunBefores.evaluate(RunBefores.java:26)
	at org.junit.runners.ParentRunner$3.evaluate(ParentRunner.java:306)
	at org.junit.runners.BlockJUnit4ClassRunner$1.evaluate(BlockJUnit4ClassRunner.java:100)
	at org.junit.runners.ParentRunner.runLeaf(ParentRunner.java:366)
	at org.junit.runners.BlockJUnit4ClassRunner.runChild(BlockJUnit4ClassRunner.java:103)
	at org.junit.runners.BlockJUnit4ClassRunner.runChild(BlockJUnit4ClassRunner.java:63)
	at org.junit.runners.ParentRunner$4.run(ParentRunner.java:331)
	at org.junit.runners.ParentRunner$1.schedule(ParentRunner.java:79)
	at org.junit.runners.ParentRunner.runChildren(ParentRunner.java:329)
	at org.junit.runners.ParentRunner.access$100(ParentRunner.java:66)
	at org.junit.runners.ParentRunner$2.evaluate(ParentRunner.java:293)
	at org.junit.internal.runners.statements.RunBefores.evaluate(RunBefores.java:26)
	at org.junit.runners.ParentRunner$3.evaluate(ParentRunner.java:306)
	at org.junit.runners.ParentRunner.run(ParentRunner.java:413)
	at org.junit.runner.JUnitCore.run(JUnitCore.java:137)
	at com.intellij.junit4.JUnit4IdeaTestRunner.startRunnerWithArgs(JUnit4IdeaTestRunner.java:69)
	at com.intellij.rt.junit.IdeaTestRunner$Repeater.startRunnerWithArgs(IdeaTestRunner.java:33)
	at com.intellij.rt.junit.JUnitStarter.prepareStreamsAndStart(JUnitStarter.java:220)
	at com.intellij.rt.junit.JUnitStarter.main(JUnitStarter.java:53)
2021-01-07 13:28:22,703 INFO [main] - ---currentTime:2021-01-07 13:28:22.694--,java.lang.StackTraceElement.initClass(Base.java:44):init
2021-01-07 13:33:58,124 INFO [main] - ---currentTime:2021-01-07 13:33:58.114--,java.lang.StackTraceElement.initClass(Base.java:44):init
2021-01-07 13:46:47,150 INFO [main] - ---currentTime:2021-01-07 13:46:47.140--,java.lang.StackTraceElement.initClass(Base.java:44):init
