13:25:27.167 DEBUG [o.w.p.h.HttpService]  --> POST http://geth.nerve.network/?d=1111&s=2222&p=asds45fgvbcv
13:25:27.168 DEBUG [o.w.p.h.HttpService]  Content-Type: application/json; charset=utf-8
13:25:27.168 DEBUG [o.w.p.h.HttpService]  Content-Length: 278
13:25:27.168 DEBUG [o.w.p.h.HttpService]  
13:25:27.168 DEBUG [o.w.p.h.HttpService]  {"jsonrpc":"2.0","method":"eth_sendRawTransaction","params":["0xf864198530e4f9b40082520894f08877ba2b11f9f7d3912bba36cc2b21447b1b4280801ba00f865a0c4990c1b1d6ed7d1bdc6d890aa3844cbacfccf7f200d8d354eadc4826a038cc8f48d0bedddd38c3a51c54dbe049d6cd8349e566b0916e1fef450650903d"],"id":0}
13:25:27.169 DEBUG [o.w.p.h.HttpService]  --> END POST (278-byte body)
13:25:27.955 DEBUG [o.w.p.h.HttpService]  <-- 200 OK http://geth.nerve.network/?d=1111&s=2222&p=asds45fgvbcv (786ms)
13:25:27.955 DEBUG [o.w.p.h.HttpService]  Server: nginx/1.15.12
13:25:27.955 DEBUG [o.w.p.h.HttpService]  Date: Thu, 07 Jan 2021 05:25:27 GMT
13:25:27.955 DEBUG [o.w.p.h.HttpService]  Content-Type: application/json
13:25:27.955 DEBUG [o.w.p.h.HttpService]  Connection: keep-alive
13:25:27.955 DEBUG [o.w.p.h.HttpService]  
13:25:27.955 DEBUG [o.w.p.h.HttpService]  {"jsonrpc":"2.0","id":0,"error":{"code":-32000,"message":"replacement transaction underpriced"}}

13:25:27.955 DEBUG [o.w.p.h.HttpService]  <-- END HTTP (97-byte body)
13:25:59.010 DEBUG [o.w.p.h.HttpService]  --> POST http://geth.nerve.network/
13:25:59.011 DEBUG [o.w.p.h.HttpService]  Content-Type: application/json; charset=utf-8
13:25:59.011 DEBUG [o.w.p.h.HttpService]  Content-Length: 278
13:25:59.011 DEBUG [o.w.p.h.HttpService]  
13:25:59.011 DEBUG [o.w.p.h.HttpService]  {"jsonrpc":"2.0","method":"eth_sendRawTransaction","params":["0xf864198530e4f9b40082520894f08877ba2b11f9f7d3912bba36cc2b21447b1b4280801ba00f865a0c4990c1b1d6ed7d1bdc6d890aa3844cbacfccf7f200d8d354eadc4826a038cc8f48d0bedddd38c3a51c54dbe049d6cd8349e566b0916e1fef450650903d"],"id":0}
13:25:59.011 DEBUG [o.w.p.h.HttpService]  --> END POST (278-byte body)
13:25:59.709 DEBUG [o.w.p.h.HttpService]  <-- 200 OK http://geth.nerve.network/ (698ms)
13:25:59.709 DEBUG [o.w.p.h.HttpService]  Server: nginx/1.15.12
13:25:59.709 DEBUG [o.w.p.h.HttpService]  Date: Thu, 07 Jan 2021 05:25:59 GMT
13:25:59.709 DEBUG [o.w.p.h.HttpService]  Content-Type: application/json
13:25:59.709 DEBUG [o.w.p.h.HttpService]  Connection: keep-alive
13:25:59.710 DEBUG [o.w.p.h.HttpService]  
13:25:59.710 DEBUG [o.w.p.h.HttpService]  {"jsonrpc":"2.0","id":0,"error":{"code":-32000,"message":"replacement transaction underpriced"}}

13:25:59.710 DEBUG [o.w.p.h.HttpService]  <-- END HTTP (97-byte body)
13:27:08.308 DEBUG [o.w.p.h.HttpService]  --> POST http://geth.nerve.network/
13:27:08.309 DEBUG [o.w.p.h.HttpService]  Content-Type: application/json; charset=utf-8
13:27:08.309 DEBUG [o.w.p.h.HttpService]  Content-Length: 278
13:27:08.309 DEBUG [o.w.p.h.HttpService]  
13:27:08.309 DEBUG [o.w.p.h.HttpService]  {"jsonrpc":"2.0","method":"eth_sendRawTransaction","params":["0xf864198530e4f9b40082520894f08877ba2b11f9f7d3912bba36cc2b21447b1b4280801ba00f865a0c4990c1b1d6ed7d1bdc6d890aa3844cbacfccf7f200d8d354eadc4826a038cc8f48d0bedddd38c3a51c54dbe049d6cd8349e566b0916e1fef450650903d"],"id":0}
13:27:08.309 DEBUG [o.w.p.h.HttpService]  --> END POST (278-byte body)
13:27:38.328 DEBUG [o.w.p.h.HttpService]  <-- HTTP FAILED: java.net.UnknownHostException: geth.nerve.network: nodename nor servname provided, or not known
13:27:44.025 DEBUG [o.w.p.h.HttpService]  --> POST http://geth.nerve.network/
13:27:44.025 DEBUG [o.w.p.h.HttpService]  Content-Type: application/json; charset=utf-8
13:27:44.025 DEBUG [o.w.p.h.HttpService]  Content-Length: 278
13:27:44.026 DEBUG [o.w.p.h.HttpService]  
13:27:44.026 DEBUG [o.w.p.h.HttpService]  {"jsonrpc":"2.0","method":"eth_sendRawTransaction","params":["0xf864198530e4f9b40082520894f08877ba2b11f9f7d3912bba36cc2b21447b1b4280801ba00f865a0c4990c1b1d6ed7d1bdc6d890aa3844cbacfccf7f200d8d354eadc4826a038cc8f48d0bedddd38c3a51c54dbe049d6cd8349e566b0916e1fef450650903d"],"id":0}
13:27:44.026 DEBUG [o.w.p.h.HttpService]  --> END POST (278-byte body)
13:28:14.038 DEBUG [o.w.p.h.HttpService]  <-- HTTP FAILED: java.net.UnknownHostException: geth.nerve.network: nodename nor servname provided, or not known
13:28:23.702 DEBUG [o.w.p.h.HttpService]  --> POST http://geth.nerve.network/
13:28:23.703 DEBUG [o.w.p.h.HttpService]  Content-Type: application/json; charset=utf-8
13:28:23.703 DEBUG [o.w.p.h.HttpService]  Content-Length: 278
13:28:23.703 DEBUG [o.w.p.h.HttpService]  
13:28:23.703 DEBUG [o.w.p.h.HttpService]  {"jsonrpc":"2.0","method":"eth_sendRawTransaction","params":["0xf864198530e4f9b40082520894f08877ba2b11f9f7d3912bba36cc2b21447b1b4280801ba00f865a0c4990c1b1d6ed7d1bdc6d890aa3844cbacfccf7f200d8d354eadc4826a038cc8f48d0bedddd38c3a51c54dbe049d6cd8349e566b0916e1fef450650903d"],"id":0}
13:28:23.703 DEBUG [o.w.p.h.HttpService]  --> END POST (278-byte body)
13:28:25.858 DEBUG [o.w.p.h.HttpService]  <-- 200 OK http://geth.nerve.network/ (2155ms)
13:28:25.858 DEBUG [o.w.p.h.HttpService]  Server: nginx/1.15.12
13:28:25.858 DEBUG [o.w.p.h.HttpService]  Date: Thu, 07 Jan 2021 05:28:25 GMT
13:28:25.858 DEBUG [o.w.p.h.HttpService]  Content-Type: application/json
13:28:25.858 DEBUG [o.w.p.h.HttpService]  Connection: keep-alive
13:28:25.859 DEBUG [o.w.p.h.HttpService]  
13:28:25.859 DEBUG [o.w.p.h.HttpService]  {"jsonrpc":"2.0","id":0,"error":{"code":-32000,"message":"replacement transaction underpriced"}}

13:28:25.859 DEBUG [o.w.p.h.HttpService]  <-- END HTTP (97-byte body)
13:33:58.807 DEBUG [o.w.p.h.HttpService]  --> POST http://geth.nerve.network/
13:33:58.807 DEBUG [o.w.p.h.HttpService]  Content-Type: application/json; charset=utf-8
13:33:58.807 DEBUG [o.w.p.h.HttpService]  Content-Length: 294
13:33:58.807 DEBUG [o.w.p.h.HttpService]  
13:33:58.808 DEBUG [o.w.p.h.HttpService]  {"jsonrpc":"2.0","method":"eth_sendRawTransaction","params":["0xf86c1885131794b40082520894bbdb9e2ce4f8c8a4463303a9a90ac1aedefb1e1c8801f161421c8e0000801ba0dea51152cc56c31f93e3ed91a4074d578e3d328a750fb0c28a0dac1d36686df6a073a4a29cf3e1fe65cbc40f389df1179908af0e106033e6a84dc528ab1e0d9e18"],"id":0}
13:33:58.808 DEBUG [o.w.p.h.HttpService]  --> END POST (294-byte body)
13:33:59.525 DEBUG [o.w.p.h.HttpService]  <-- 200 OK http://geth.nerve.network/ (716ms)
13:33:59.525 DEBUG [o.w.p.h.HttpService]  Server: nginx/1.15.12
13:33:59.525 DEBUG [o.w.p.h.HttpService]  Date: Thu, 07 Jan 2021 05:33:59 GMT
13:33:59.525 DEBUG [o.w.p.h.HttpService]  Content-Type: application/json
13:33:59.525 DEBUG [o.w.p.h.HttpService]  Connection: keep-alive
13:33:59.525 DEBUG [o.w.p.h.HttpService]  
13:33:59.525 DEBUG [o.w.p.h.HttpService]  {"jsonrpc":"2.0","id":0,"result":"0x97febbe8d80cf9152a88bf7442cc05fd97fbe006fce67ac69a40001fa824bb47"}

13:33:59.525 DEBUG [o.w.p.h.HttpService]  <-- END HTTP (103-byte body)
13:46:47.891 DEBUG [o.w.p.h.HttpService]  --> POST http://geth.nerve.network/
13:46:47.891 DEBUG [o.w.p.h.HttpService]  Content-Type: application/json; charset=utf-8
13:46:47.891 DEBUG [o.w.p.h.HttpService]  Content-Length: 278
13:46:47.891 DEBUG [o.w.p.h.HttpService]  
13:46:47.891 DEBUG [o.w.p.h.HttpService]  {"jsonrpc":"2.0","method":"eth_sendRawTransaction","params":["0xf86419852fbaf3c20082520894f08877ba2b11f9f7d3912bba36cc2b21447b1b4280801ca024f4c5606c97f8efadb27e9bf0ea4aa5accbb19cfe4d78b0906557c08e0b1d08a01575ad741eb5b2e64884c31bd5b395b3409cf10fbeeb6270a7a14998fdf41e40"],"id":0}
13:46:47.891 DEBUG [o.w.p.h.HttpService]  --> END POST (278-byte body)
13:46:50.038 DEBUG [o.w.p.h.HttpService]  <-- 200 OK http://geth.nerve.network/ (2146ms)
13:46:50.038 DEBUG [o.w.p.h.HttpService]  Server: nginx/1.15.12
13:46:50.038 DEBUG [o.w.p.h.HttpService]  Date: Thu, 07 Jan 2021 05:46:49 GMT
13:46:50.038 DEBUG [o.w.p.h.HttpService]  Content-Type: application/json
13:46:50.038 DEBUG [o.w.p.h.HttpService]  Connection: keep-alive
13:46:50.039 DEBUG [o.w.p.h.HttpService]  
13:46:50.039 DEBUG [o.w.p.h.HttpService]  {"jsonrpc":"2.0","id":0,"result":"0xa2def7705abe1693cd72339b8ae07f291e4abd3484cc03de1b46b42178036d49"}

13:46:50.039 DEBUG [o.w.p.h.HttpService]  <-- END HTTP (103-byte body)
